2023-10-30 10:14:28,190 [INFO] Activator:176 - 


2023-10-30 10:14:28,205 [INFO] Activator:177 - !SESSION log4j initialized
2023-10-30 10:14:32,115 [INFO] LogOutputStream:77 - [STDOUT_REDIRECT] 
2023-10-30 10:14:35,336 [INFO] ApplicationProperties:184 - Using Application install path: D:\software\stm32cubide\STM32CubeIDE_1.13.2\STM32CubeIDE\plugins\com.st.stm32cube.common.mx_6.9.2.202309101412
2023-10-30 10:14:35,366 [INFO] DbMcusXml:78 - Set database path to: D:\software\stm32cubide\STM32CubeIDE_1.13.2\STM32CubeIDE\plugins\com.st.stm32cube.common.mx_6.9.2.202309101412\\db\/mcu/
2023-10-30 10:14:35,366 [INFO] ApiDb:274 - Set plugin database path to: D:\software\stm32cubide\STM32CubeIDE_1.13.2\STM32CubeIDE\plugins\com.st.stm32cube.common.mx_6.9.2.202309101412\\db\/plugins/boardmanager/
2023-10-30 10:14:35,366 [WARN] ApiDb:259 - Overriding images path with different value:  => D:\software\stm32cubide\STM32CubeIDE_1.13.2\STM32CubeIDE\plugins\com.st.stm32cube.common.mx_6.9.2.202309101412\\db\/plugins/mcufinder/images/
2023-10-30 10:14:35,366 [INFO] ApiDb:250 - Set database path to: C:\Users\edison\.stmcufinder\plugins\mcufinder//mcu/
2023-10-30 10:14:35,381 [INFO] DbMcusAds:125 - Set database path to: C:\Users\edison\.stmcufinder\plugins\mcufinder//mcu/
2023-10-30 10:14:35,382 [INFO] CrossReferenceDbSqlite:203 - Set database path to: C:\Users\edison\.stmcufinder\plugins\mcufinder//mcu/cs/
2023-10-30 10:14:35,475 [INFO] RulesReader:64 - Compatibility file has been processed (293 Rules)
2023-10-30 10:14:56,595 [INFO] DbMcusXml:78 - Set database path to: D:\software\stm32cubide\STM32CubeIDE_1.13.2\STM32CubeIDE\plugins\com.st.stm32cube.common.mx_6.9.2.202309101412\\db\/mcu/
2023-10-30 10:14:56,595 [INFO] ApiDb:274 - Set plugin database path to: D:\software\stm32cubide\STM32CubeIDE_1.13.2\STM32CubeIDE\plugins\com.st.stm32cube.common.mx_6.9.2.202309101412\\db\/plugins/boardmanager/
2023-10-30 10:14:56,595 [INFO] ApiDb:261 - Set plugin images path to: D:\software\stm32cubide\STM32CubeIDE_1.13.2\STM32CubeIDE\plugins\com.st.stm32cube.common.mx_6.9.2.202309101412\\db\/plugins/mcufinder/images/
2023-10-30 10:14:56,595 [WARN] DbFile:41 - Overriding database path with different value: C:\Users\edison\.stmcufinder\plugins\mcufinder/ => C:\Users\edison\.stmcufinder\plugins\mcufinder
2023-10-30 10:14:56,595 [INFO] ApiDb:250 - Set database path to: C:\Users\edison\.stmcufinder\plugins\mcufinder//mcu/
2023-10-30 10:14:56,595 [WARN] DbFile:41 - Overriding database path with different value: C:\Users\edison\.stmcufinder\plugins\mcufinder/ => C:\Users\edison\.stmcufinder\plugins\mcufinder
2023-10-30 10:14:56,595 [INFO] DbMcusAds:125 - Set database path to: C:\Users\edison\.stmcufinder\plugins\mcufinder//mcu/
2023-10-30 10:14:56,595 [WARN] DbFile:41 - Overriding database path with different value: C:\Users\edison\.stmcufinder\plugins\mcufinder/ => C:\Users\edison\.stmcufinder\plugins\mcufinder
2023-10-30 10:14:56,595 [WARN] DbFile:41 - Overriding database path with different value: C:\Users\edison\.stmcufinder\plugins\mcufinder/ => C:\Users\edison\.stmcufinder\plugins\mcufinder
2023-10-30 10:14:56,612 [INFO] CrossReferenceDbSqlite:203 - Set database path to: C:\Users\edison\.stmcufinder\plugins\mcufinder//mcu/cs/
2023-10-30 10:14:56,673 [INFO] MainPanel:262 - HeapMemory: 268435456
2023-10-30 10:14:56,736 [INFO] DbMcusXml:78 - Set database path to: D:\software\stm32cubide\STM32CubeIDE_1.13.2\STM32CubeIDE\plugins\com.st.stm32cube.common.mx_6.9.2.202309101412\\db\/mcu/
2023-10-30 10:14:56,736 [INFO] ApiDb:274 - Set plugin database path to: D:\software\stm32cubide\STM32CubeIDE_1.13.2\STM32CubeIDE\plugins\com.st.stm32cube.common.mx_6.9.2.202309101412\\db\/plugins/boardmanager/
2023-10-30 10:14:56,736 [INFO] ApiDb:261 - Set plugin images path to: D:\software\stm32cubide\STM32CubeIDE_1.13.2\STM32CubeIDE\plugins\com.st.stm32cube.common.mx_6.9.2.202309101412\\db\/plugins/mcufinder/images/
2023-10-30 10:14:56,736 [WARN] DbFile:41 - Overriding database path with different value: C:\Users\edison\.stmcufinder\plugins\mcufinder/ => C:\Users\edison\.stmcufinder\plugins\mcufinder
2023-10-30 10:14:56,736 [INFO] ApiDb:250 - Set database path to: C:\Users\edison\.stmcufinder\plugins\mcufinder//mcu/
2023-10-30 10:14:56,736 [WARN] DbFile:41 - Overriding database path with different value: C:\Users\edison\.stmcufinder\plugins\mcufinder/ => C:\Users\edison\.stmcufinder\plugins\mcufinder
2023-10-30 10:14:56,736 [INFO] DbMcusAds:125 - Set database path to: C:\Users\edison\.stmcufinder\plugins\mcufinder//mcu/
2023-10-30 10:14:56,736 [WARN] DbFile:41 - Overriding database path with different value: C:\Users\edison\.stmcufinder\plugins\mcufinder/ => C:\Users\edison\.stmcufinder\plugins\mcufinder
2023-10-30 10:14:56,736 [WARN] DbFile:41 - Overriding database path with different value: C:\Users\edison\.stmcufinder\plugins\mcufinder/ => C:\Users\edison\.stmcufinder\plugins\mcufinder
2023-10-30 10:14:56,736 [INFO] CrossReferenceDbSqlite:203 - Set database path to: C:\Users\edison\.stmcufinder\plugins\mcufinder//mcu/cs/
2023-10-30 10:14:56,760 [INFO] ApplicationProperties:184 - Using Application install path: D:\software\stm32cubide\STM32CubeIDE_1.13.2\STM32CubeIDE\plugins\com.st.stm32cube.common.mx_6.9.2.202309101412
2023-10-30 10:14:56,760 [INFO] PluginManage:196 - Search for loadable plugins [exclusion list=, ]
2023-10-30 10:14:56,760 [INFO] PluginManage:310 - Check plugin analytics
2023-10-30 10:14:56,871 [INFO] AnalyticsPlugin:253 - Accepted Software Licenses: 
2023-10-30 10:14:56,871 [INFO] AnalyticsPlugin:255 - Accepted CMSIS Pack Licenses: 
2023-10-30 10:14:56,871 [INFO] AnalyticsPlugin:257 - Accepted Firmware Licenses: FW.F4.1.27.0
2023-10-30 10:14:56,871 [INFO] PluginManage:359 - Loaded plugin analytics (category:tool,tabindex:-1)
2023-10-30 10:14:56,871 [INFO] PluginManage:310 - Check plugin cadmodel
2023-10-30 10:14:56,871 [INFO] CADModel:105 - Init CAD model plugin
2023-10-30 10:14:56,871 [INFO] PluginManage:359 - Loaded plugin cadmodel (category:power,tabindex:5)
2023-10-30 10:14:56,871 [INFO] PluginManage:310 - Check plugin clock
2023-10-30 10:14:56,887 [INFO] PluginManage:359 - Loaded plugin clock (category:base,tabindex:2)
2023-10-30 10:14:56,887 [INFO] PluginManage:310 - Check plugin ddr
2023-10-30 10:14:56,887 [INFO] PluginManage:359 - Loaded plugin ddr (category:tool,tabindex:6)
2023-10-30 10:14:56,887 [INFO] PluginManage:310 - Check plugin filemanager
2023-10-30 10:14:56,982 [INFO] PluginManage:359 - Loaded plugin filemanager (category:base,tabindex:10)
2023-10-30 10:14:56,982 [INFO] PluginManage:310 - Check plugin ipmanager
2023-10-30 10:14:56,982 [INFO] PluginManage:359 - Loaded plugin ipmanager (category:base,tabindex:5)
2023-10-30 10:14:56,982 [INFO] PluginManage:310 - Check plugin lpbam
2023-10-30 10:14:56,997 [INFO] PluginManage:359 - Loaded plugin lpbam (category:base,tabindex:0)
2023-10-30 10:14:56,997 [INFO] PluginManage:310 - Check plugin memorymap
2023-10-30 10:14:56,997 [INFO] PluginManage:359 - Loaded plugin memorymap (category:base,tabindex:4)
2023-10-30 10:14:56,997 [INFO] PluginManage:310 - Check plugin pinoutandconfiguration
2023-10-30 10:14:57,012 [INFO] PluginManage:359 - Loaded plugin pinoutandconfiguration (category:base,tabindex:1)
2023-10-30 10:14:57,012 [INFO] PluginManage:310 - Check plugin pinoutconfig
2023-10-30 10:14:57,075 [WARN] SupportedApi:132 - Cannot load RTOS API schema: s4s-elt-must-match.1: The content of 'definitions' must match (annotation?, (simpleType | complexType)?, (unique | key | keyref)*)). A problem was found starting at: attribute.
2023-10-30 10:14:57,156 [INFO] PluginManage:359 - Loaded plugin pinoutconfig (category:base,tabindex:0)
2023-10-30 10:14:57,156 [INFO] PluginManage:310 - Check plugin power
2023-10-30 10:14:57,156 [INFO] PluginManage:359 - Loaded plugin power (category:power,tabindex:4)
2023-10-30 10:14:57,156 [INFO] PluginManage:310 - Check plugin projectmanager
2023-10-30 10:14:57,170 [INFO] PluginManage:359 - Loaded plugin projectmanager (category:projectmanager,tabindex:3)
2023-10-30 10:14:57,170 [INFO] PluginManage:310 - Check plugin thirdparty
2023-10-30 10:14:57,248 [WARN] IntegrityCheckThread:84 - waiting for thirdparty lock release [integrity check]
2023-10-30 10:14:57,248 [INFO] PluginManage:359 - Loaded plugin thirdparty (category:base,tabindex:-1)
2023-10-30 10:14:57,254 [INFO] IntegrityCheckThread:86 - entering critical section [integrity check]
2023-10-30 10:14:57,254 [INFO] PluginManage:310 - Check plugin tools
2023-10-30 10:14:57,254 [INFO] ThirdPartyUpdaterWithRetryManager:70 - Updater plugin not ready yet. [1/15]
2023-10-30 10:14:57,254 [INFO] PluginManage:359 - Loaded plugin tools (category:base,tabindex:7)
2023-10-30 10:14:57,254 [INFO] PluginManage:310 - Check plugin tutovideos
2023-10-30 10:14:57,364 [INFO] PluginManage:359 - Loaded plugin tutovideos (category:base,tabindex:-1)
2023-10-30 10:14:57,364 [INFO] PluginManage:310 - Check plugin updater
2023-10-30 10:14:57,364 [INFO] PluginManage:359 - Loaded plugin updater (category:base,tabindex:12)
2023-10-30 10:14:57,364 [INFO] PluginManage:310 - Check plugin userauth
2023-10-30 10:14:57,364 [INFO] UserAuth:113 - Init User Auth plugin
2023-10-30 10:14:57,364 [INFO] PluginManage:359 - Loaded plugin userauth (category:base,tabindex:14)
2023-10-30 10:14:57,364 [INFO] PluginManage:283 - PluginManage : Loaded plugins [17]
2023-10-30 10:14:57,516 [INFO] PinOutPanel:1499 - setPackage(No Configuration,No Configuration)
2023-10-30 10:14:57,595 [INFO] CADModel:165 - CPN selected for project level
2023-10-30 10:14:57,595 [INFO] CADModel:114 - Register for checkConnection events
2023-10-30 10:14:57,614 [INFO] IPUIPlugin:80 - create IPUIPlugin
2023-10-30 10:14:57,614 [INFO] PluginManager:220 - loadIPPluginJar : add adc
2023-10-30 10:14:57,614 [INFO] IPUIPlugin:80 - create IPUIPlugin
2023-10-30 10:14:57,614 [INFO] PluginManager:220 - loadIPPluginJar : add aes
2023-10-30 10:14:57,614 [INFO] IPUIPlugin:80 - create IPUIPlugin
2023-10-30 10:14:57,614 [INFO] PluginManager:220 - loadIPPluginJar : add can
2023-10-30 10:14:57,614 [INFO] IPUIPlugin:80 - create IPUIPlugin
2023-10-30 10:14:57,614 [INFO] PluginManager:220 - loadIPPluginJar : add comp
2023-10-30 10:14:57,614 [INFO] IPUIPlugin:80 - create IPUIPlugin
2023-10-30 10:14:57,614 [INFO] PluginManager:220 - loadIPPluginJar : add cryp
2023-10-30 10:14:57,614 [INFO] IPUIPlugin:80 - create IPUIPlugin
2023-10-30 10:14:57,614 [INFO] PluginManager:220 - loadIPPluginJar : add dfsdm
2023-10-30 10:14:57,626 [INFO] IPUIPlugin:80 - create IPUIPlugin
2023-10-30 10:14:57,626 [INFO] PluginManager:220 - loadIPPluginJar : add dma
2023-10-30 10:14:57,626 [INFO] IPUIPlugin:80 - create IPUIPlugin
2023-10-30 10:14:57,626 [INFO] PluginManager:220 - loadIPPluginJar : add dma3
2023-10-30 10:14:57,626 [INFO] IPUIPlugin:80 - create IPUIPlugin
2023-10-30 10:14:57,626 [INFO] PluginManager:220 - loadIPPluginJar : add fatfs
2023-10-30 10:14:57,626 [INFO] IPUIPlugin:80 - create IPUIPlugin
2023-10-30 10:14:57,626 [INFO] PluginManager:220 - loadIPPluginJar : add fmc
2023-10-30 10:14:57,626 [INFO] IPUIPlugin:80 - create IPUIPlugin
2023-10-30 10:14:57,626 [INFO] PluginManager:220 - loadIPPluginJar : add freertos
2023-10-30 10:14:57,626 [INFO] IPUIPlugin:80 - create IPUIPlugin
2023-10-30 10:14:57,626 [INFO] PluginManager:220 - loadIPPluginJar : add genericplugin
2023-10-30 10:14:57,642 [INFO] IPUIPlugin:80 - create IPUIPlugin
2023-10-30 10:14:57,642 [INFO] PluginManager:220 - loadIPPluginJar : add gfxmmu
2023-10-30 10:14:57,645 [INFO] IPUIPlugin:80 - create IPUIPlugin
2023-10-30 10:14:57,645 [INFO] PluginManager:220 - loadIPPluginJar : add gic
2023-10-30 10:14:57,645 [INFO] IPUIPlugin:80 - create IPUIPlugin
2023-10-30 10:14:57,645 [INFO] PluginManager:220 - loadIPPluginJar : add gpio
2023-10-30 10:14:57,645 [INFO] IPUIPlugin:80 - create IPUIPlugin
2023-10-30 10:14:57,645 [INFO] PluginManager:220 - loadIPPluginJar : add gtzc
2023-10-30 10:14:57,645 [INFO] IPUIPlugin:80 - create IPUIPlugin
2023-10-30 10:14:57,645 [INFO] PluginManager:220 - loadIPPluginJar : add hash
2023-10-30 10:14:57,645 [INFO] IPUIPlugin:80 - create IPUIPlugin
2023-10-30 10:14:57,645 [INFO] PluginManager:220 - loadIPPluginJar : add i2c
2023-10-30 10:14:57,658 [INFO] IPUIPlugin:80 - create IPUIPlugin
2023-10-30 10:14:57,658 [INFO] PluginManager:220 - loadIPPluginJar : add i2s
2023-10-30 10:14:57,658 [INFO] IPUIPlugin:80 - create IPUIPlugin
2023-10-30 10:14:57,658 [INFO] PluginManager:220 - loadIPPluginJar : add i3c
2023-10-30 10:14:57,658 [INFO] IPUIPlugin:80 - create IPUIPlugin
2023-10-30 10:14:57,658 [INFO] PluginManager:220 - loadIPPluginJar : add ipddr
2023-10-30 10:14:57,658 [INFO] IPUIPlugin:80 - create IPUIPlugin
2023-10-30 10:14:57,658 [INFO] PluginManager:220 - loadIPPluginJar : add linkedlist
2023-10-30 10:14:57,658 [INFO] IPUIPlugin:80 - create IPUIPlugin
2023-10-30 10:14:57,658 [INFO] PluginManager:220 - loadIPPluginJar : add lorawan
2023-10-30 10:14:57,658 [INFO] IPUIPlugin:80 - create IPUIPlugin
2023-10-30 10:14:57,658 [INFO] PluginManager:220 - loadIPPluginJar : add ltdc
2023-10-30 10:14:57,673 [INFO] IPUIPlugin:80 - create IPUIPlugin
2023-10-30 10:14:57,673 [INFO] PluginManager:220 - loadIPPluginJar : add mdma
2023-10-30 10:14:57,673 [INFO] IPUIPlugin:80 - create IPUIPlugin
2023-10-30 10:14:57,673 [INFO] PluginManager:220 - loadIPPluginJar : add nvic
2023-10-30 10:14:57,673 [INFO] IPUIPlugin:80 - create IPUIPlugin
2023-10-30 10:14:57,673 [INFO] PluginManager:220 - loadIPPluginJar : add opamp
2023-10-30 10:14:57,673 [INFO] IPUIPlugin:80 - create IPUIPlugin
2023-10-30 10:14:57,673 [INFO] PluginManager:220 - loadIPPluginJar : add openamp
2023-10-30 10:14:57,673 [INFO] IPUIPlugin:80 - create IPUIPlugin
2023-10-30 10:14:57,673 [INFO] PluginManager:220 - loadIPPluginJar : add pdm2pcm
2023-10-30 10:14:57,690 [INFO] IPUIPlugin:80 - create IPUIPlugin
2023-10-30 10:14:57,690 [INFO] PluginManager:220 - loadIPPluginJar : add plateformsettings
2023-10-30 10:14:57,690 [INFO] IPUIPlugin:80 - create IPUIPlugin
2023-10-30 10:14:57,690 [INFO] PluginManager:220 - loadIPPluginJar : add quadspi
2023-10-30 10:14:57,690 [INFO] IPUIPlugin:80 - create IPUIPlugin
2023-10-30 10:14:57,690 [INFO] PluginManager:220 - loadIPPluginJar : add resmgrutility
2023-10-30 10:14:57,690 [INFO] IPUIPlugin:80 - create IPUIPlugin
2023-10-30 10:14:57,690 [INFO] PluginManager:220 - loadIPPluginJar : add sai
2023-10-30 10:14:57,690 [INFO] IPUIPlugin:80 - create IPUIPlugin
2023-10-30 10:14:57,690 [INFO] PluginManager:220 - loadIPPluginJar : add spi
2023-10-30 10:14:57,690 [INFO] IPUIPlugin:80 - create IPUIPlugin
2023-10-30 10:14:57,690 [INFO] PluginManager:220 - loadIPPluginJar : add stm32_wpan
2023-10-30 10:14:57,705 [INFO] IPUIPlugin:80 - create IPUIPlugin
2023-10-30 10:14:57,705 [INFO] PluginManager:220 - loadIPPluginJar : add tim
2023-10-30 10:14:57,705 [INFO] IPUIPlugin:80 - create IPUIPlugin
2023-10-30 10:14:57,705 [INFO] PluginManager:220 - loadIPPluginJar : add touchsensing
2023-10-30 10:14:57,705 [INFO] IPUIPlugin:80 - create IPUIPlugin
2023-10-30 10:14:57,705 [INFO] PluginManager:220 - loadIPPluginJar : add tracer_emb
2023-10-30 10:14:57,705 [INFO] IPUIPlugin:80 - create IPUIPlugin
2023-10-30 10:14:57,705 [INFO] PluginManager:220 - loadIPPluginJar : add ts
2023-10-30 10:14:57,705 [INFO] IPUIPlugin:80 - create IPUIPlugin
2023-10-30 10:14:57,705 [INFO] PluginManager:220 - loadIPPluginJar : add tsc
2023-10-30 10:14:57,705 [INFO] IPUIPlugin:80 - create IPUIPlugin
2023-10-30 10:14:57,705 [INFO] PluginManager:220 - loadIPPluginJar : add ucpd
2023-10-30 10:14:57,705 [INFO] IPUIPlugin:80 - create IPUIPlugin
2023-10-30 10:14:57,705 [INFO] PluginManager:220 - loadIPPluginJar : add usart
2023-10-30 10:14:57,714 [INFO] IPUIPlugin:80 - create IPUIPlugin
2023-10-30 10:14:57,714 [INFO] PluginManager:220 - loadIPPluginJar : add usbx
2023-10-30 10:14:57,823 [INFO] CADModel:165 - CPN selected for project level
2023-10-30 10:14:57,823 [INFO] CADModel:114 - Register for checkConnection events
2023-10-30 10:14:57,823 [FATAL] Updater:308 - Updater called before beeing initialized
2023-10-30 10:14:57,823 [ERROR] CADModel:125 - Updater not yet initialized, retry later 
2023-10-30 10:14:57,929 [INFO] CADModel:165 - CPN selected for project level
2023-10-30 10:14:57,929 [INFO] CADModel:114 - Register for checkConnection events
2023-10-30 10:14:57,929 [FATAL] Updater:308 - Updater called before beeing initialized
2023-10-30 10:14:57,929 [ERROR] CADModel:125 - Updater not yet initialized, retry later 
2023-10-30 10:14:57,929 [FATAL] Updater:308 - Updater called before beeing initialized
2023-10-30 10:14:57,996 [FATAL] Updater:308 - Updater called before beeing initialized
2023-10-30 10:14:57,996 [INFO] DbMcusAds:53 - JSON generation date=Tue Mar 07 16:50:55 CST 2023 (1678179055114)
2023-10-30 10:14:57,996 [FATAL] Updater:308 - Updater called before beeing initialized
2023-10-30 10:14:58,090 [WARN] DetailPanel:346 - Failed to get advertising image, set to default
2023-10-30 10:14:58,155 [FATAL] Updater:308 - Updater called before beeing initialized
2023-10-30 10:14:58,155 [FATAL] Updater:308 - Updater called before beeing initialized
2023-10-30 10:14:58,155 [FATAL] Updater:308 - Updater called before beeing initialized
2023-10-30 10:14:58,155 [WARN] DetailPanel:346 - Failed to get advertising image, set to default
2023-10-30 10:14:58,155 [FATAL] Updater:308 - Updater called before beeing initialized
2023-10-30 10:14:58,187 [ERROR] Updater:1120 - MainUpdater not yet initialized. External WinMGr cannot be set.
2023-10-30 10:14:58,187 [INFO] Updater:1056 - Updater Version found : 6.9.2
2023-10-30 10:14:58,203 [INFO] ApplicationProperties:184 - Using Application install path: D:\software\stm32cubide\STM32CubeIDE_1.13.2\STM32CubeIDE\plugins\com.st.stm32cube.common.mx_6.9.2.202309101412
2023-10-30 10:14:58,329 [INFO] MainUpdater:2868 - connection check result : 10
2023-10-30 10:14:58,329 [INFO] MainUpdater:3562 - Updater definition file requires update
2023-10-30 10:14:58,329 [INFO] MainUpdater:285 - Updater Check For Update Now.
2023-10-30 10:14:58,329 [INFO] MicroXplorer:498 - Change Database Version : DB.6.0.92
2023-10-30 10:14:58,329 [INFO] McuFinderGlobals:63 - Set McuFinder mode to 2 (CubeIDE integrated)
2023-10-30 10:14:58,360 [INFO] ServerAccessManage:473 - Download File updaters.zip
2023-10-30 10:14:58,429 [INFO] FileExtend:240 - Unzip File : updaters.zip
2023-10-30 10:14:58,429 [INFO] FileExtend:255 - Standard Zip Deflate
2023-10-30 10:14:58,841 [INFO] ServerAccessManage:473 - Download File PacksControlFlags.xml
2023-10-30 10:14:58,905 [INFO] ServerAccessManage:473 - Download File cubemx.pidx
2023-10-30 10:14:59,222 [INFO] ServerAccessManage:473 - Download File STMicroelectronics.X-CUBE-EEPRMA1.pdsc
2023-10-30 10:15:00,206 [ERROR] ServerAccessManage:1089 - Problem, file not found on Server
2023-10-30 10:15:00,263 [WARN] MainUpdater:1189 - Updater busy. Cannot search thirdparties
2023-10-30 10:15:00,263 [INFO] ThirdPartyUpdaterWithRetryManager:96 - Updater plugin is busy. [1/15]
2023-10-30 10:15:00,490 [INFO] ServerAccessManage:473 - Download File STMicroelectronics.X-CUBE-MEMS1.pdsc
2023-10-30 10:15:03,265 [WARN] MainUpdater:1189 - Updater busy. Cannot search thirdparties
2023-10-30 10:15:03,265 [INFO] ThirdPartyUpdaterWithRetryManager:96 - Updater plugin is busy. [2/15]
2023-10-30 10:15:03,279 [ERROR] ServerAccessManage:1096 - Problem, Http access forbiden
2023-10-30 10:15:03,281 [ERROR] ServerAccessManage:651 - Problem, Http access forbiden : RoweBots.I-CUBE-UNISONRTOS.pdsc.
2023-10-30 10:15:03,366 [WARN] PackLoader:240 - Cannot read IP mode file for STMicroelectronics.X-CUBE-EEPRMA1.4.2.0
2023-10-30 10:15:03,411 [WARN] PackLoader:240 - Cannot read IP mode file for STMicroelectronics.X-CUBE-MEMS1.10.0.0
2023-10-30 10:15:03,472 [INFO] CheckServerUpdateThread:120 - End of CheckServer Thread
2023-10-30 10:15:03,504 [INFO] PopulateThirdPartyThread:66 - Ending populate Thread
2023-10-30 10:15:03,507 [INFO] ThirdParty:1030 - CMSIS Pack Vendor :STMicroelectronics X-CUBE-MEMS1 10.0.0
2023-10-30 10:15:03,507 [INFO] ThirdParty:1030 - CMSIS Pack Vendor :STMicroelectronics X-CUBE-EEPRMA1 4.2.0
2023-10-30 10:15:03,507 [INFO] LoadServerUpdatesThread:373 - End of LoadServerUpdate Thread
2023-10-30 10:15:06,374 [WARN] PackLoader:240 - Cannot read IP mode file for STMicroelectronics.X-CUBE-SMBUS.2.1.0
2023-10-30 10:15:06,387 [WARN] PackLoader:240 - Cannot read IP mode file for STMicroelectronics.X-CUBE-AZRTOS-F7.1.1.0
2023-10-30 10:15:06,396 [WARN] PackLoader:240 - Cannot read IP mode file for STMicroelectronics.FP-SNS-MOTENV1.4.3.2
2023-10-30 10:15:06,401 [WARN] PackLoader:240 - Cannot read IP mode file for STMicroelectronics.FP-SNS-FLIGHT1.5.0.2
2023-10-30 10:15:06,408 [WARN] PackLoader:240 - Cannot read IP mode file for STMicroelectronics.X-CUBE-DISPLAY.3.0.0
2023-10-30 10:15:06,418 [WARN] PackLoader:240 - Cannot read IP mode file for STMicroelectronics.X-CUBE-BLE1.7.0.0
2023-10-30 10:15:06,423 [WARN] PackLoader:240 - Cannot read IP mode file for emotas.I-CUBE-CANOPEN.1.3.0
2023-10-30 10:15:06,428 [WARN] PackLoader:240 - Cannot read IP mode file for STMicroelectronics.X-CUBE-TOUCHGFX.4.22.1
2023-10-30 10:15:06,432 [WARN] PackLoader:240 - Cannot read IP mode file for STMicroelectronics.FP-SNS-SMARTAG2.1.2.0
2023-10-30 10:15:06,441 [INFO] LogOutputStream:77 - [STDOUT_REDIRECT] 1 : Invalid condition id : UX_CORESTACK_Condition cause : null
2023-10-30 10:15:06,441 [INFO] LogOutputStream:77 - [STDOUT_REDIRECT] 1 : Invalid condition id : UX_CORESTACK_Condition cause : null
2023-10-30 10:15:06,442 [INFO] LogOutputStream:77 - [STDOUT_REDIRECT] 1 : Invalid condition id : UX_CORESTACK_Condition cause : null
2023-10-30 10:15:06,445 [INFO] LogOutputStream:77 - [STDOUT_REDIRECT] 1 : Invalid condition id : UX_CORESTACK_Condition cause : null
2023-10-30 10:15:06,445 [INFO] LogOutputStream:77 - [STDOUT_REDIRECT] 1 : Invalid condition id : UX_CORESTACK_Condition cause : null
2023-10-30 10:15:06,447 [WARN] PackLoader:240 - Cannot read IP mode file for STMicroelectronics.X-CUBE-AZRTOS-WL.2.0.0
2023-10-30 10:15:06,453 [WARN] PackLoader:240 - Cannot read IP mode file for WES.I-CUBE-Cesium.1.3.0
2023-10-30 10:15:06,456 [WARN] PackLoader:240 - Cannot read IP mode file for STMicroelectronics.X-CUBE-BLE2.3.3.0
2023-10-30 10:15:06,462 [WARN] PackLoader:240 - Cannot read IP mode file for STMicroelectronics.X-CUBE-ALGOBUILD.1.3.0
2023-10-30 10:15:06,476 [WARN] PackLoader:240 - Cannot read IP mode file for STMicroelectronics.X-CUBE-AZRTOS-G0.1.1.0
2023-10-30 10:15:06,485 [WARN] PackLoader:240 - Cannot read IP mode file for STMicroelectronics.X-CUBE-NFC4.3.0.0
2023-10-30 10:15:06,490 [WARN] PackLoader:240 - Cannot read IP mode file for STMicroelectronics.FP-ATR-SIGFOX1.3.2.0
2023-10-30 10:15:06,517 [WARN] PackLoader:240 - Cannot read IP mode file for SEGGER.I-CUBE-embOS.1.3.1
2023-10-30 10:15:06,547 [WARN] PackLoader:240 - Cannot read IP mode file for STMicroelectronics.X-CUBE-GNSS1.6.0.0
2023-10-30 10:15:06,562 [WARN] PackLoader:240 - Cannot read IP mode file for STMicroelectronics.X-CUBE-AZRTOS-F4.1.1.0
2023-10-30 10:15:06,569 [WARN] PackLoader:240 - Cannot read IP mode file for wolfSSL.I-CUBE-wolfSSL.5.6.3
2023-10-30 10:15:06,578 [WARN] PackLoader:240 - Cannot read IP mode file for STMicroelectronics.X-CUBE-AZRTOS-L5.2.0.0
2023-10-30 10:15:06,606 [WARN] PackLoader:240 - Cannot read IP mode file for STMicroelectronics.X-CUBE-MEMS1.9.6.0
2023-10-30 10:15:06,663 [WARN] PackLoader:240 - Cannot read IP mode file for STMicroelectronics.X-CUBE-EEPRMA1.4.2.0
2023-10-30 10:15:06,669 [WARN] PackLoader:240 - Cannot read IP mode file for ITTIA_DB.I-CUBE-ITTIADB.8.8.0
2023-10-30 10:15:06,673 [WARN] PackLoader:240 - Cannot read IP mode file for STMicroelectronics.X-CUBE-BLEMGR.2.0.0
2023-10-30 10:15:06,682 [WARN] ConditionMgr:438 - getConditionDescription Invalid condition id : UX DEVICE CLASS RTOS Condition cause : null
2023-10-30 10:15:06,682 [WARN] ConditionMgr:438 - getConditionDescription Invalid condition id : UX DEVICE CLASS RTOS Condition cause : null
2023-10-30 10:15:06,683 [WARN] PackLoader:240 - Cannot read IP mode file for STMicroelectronics.X-CUBE-AZRTOS-H7.3.1.0
2023-10-30 10:15:06,685 [WARN] ConditionMgr:1039 - genDependencies : Invalid condition id : UX DEVICE CLASS RTOS Condition cause : null
2023-10-30 10:15:06,685 [WARN] ConditionMgr:1039 - genDependencies : Invalid condition id : UX DEVICE CLASS RTOS Condition cause : null
2023-10-30 10:15:06,685 [WARN] ConditionMgr:1039 - genDependencies : Invalid condition id : UX DEVICE CLASS RTOS Condition cause : null
2023-10-30 10:15:06,685 [WARN] ConditionMgr:1039 - genDependencies : Invalid condition id : UX DEVICE CLASS RTOS Condition cause : null
2023-10-30 10:15:06,685 [WARN] ConditionMgr:1039 - genDependencies : Invalid condition id : UX DEVICE CLASS RTOS Condition cause : null
2023-10-30 10:15:06,689 [WARN] PackLoader:240 - Cannot read IP mode file for STMicroelectronics.X-CUBE-NFC7.1.0.1
2023-10-30 10:15:06,695 [WARN] PackLoader:240 - Cannot read IP mode file for STMicroelectronics.X-CUBE-NFC6.3.0.0
2023-10-30 10:15:06,699 [WARN] PackLoader:240 - Cannot read IP mode file for STMicroelectronics.X-CUBE-EEPRMA1.4.1.0
2023-10-30 10:15:06,703 [WARN] PackLoader:240 - Cannot read IP mode file for STMicroelectronics.X-CUBE-AI.8.1.0
2023-10-30 10:15:06,712 [WARN] ConditionMgr:438 - getConditionDescription Invalid condition id : LAN8742 Phy interface Condition cause : null
2023-10-30 10:15:06,713 [WARN] PackLoader:240 - Cannot read IP mode file for STMicroelectronics.X-CUBE-AZRTOS-L4.2.0.0
2023-10-30 10:15:06,713 [WARN] ConditionMgr:1039 - genDependencies : Invalid condition id : LAN8742 Phy interface Condition cause : null
2023-10-30 10:15:06,713 [WARN] ConditionMgr:1039 - genDependencies : Invalid condition id : LAN8742 Phy interface Condition cause : null
2023-10-30 10:15:06,714 [WARN] ConditionMgr:1039 - genDependencies : Invalid condition id : LAN8742 Phy interface Condition cause : null
2023-10-30 10:15:06,718 [WARN] PackLoader:240 - Cannot read IP mode file for STMicroelectronics.X-CUBE-SFXS2LP1.4.0.0
2023-10-30 10:15:06,723 [WARN] PackLoader:240 - Cannot read IP mode file for STMicroelectronics.X-CUBE-ISPU.1.1.0
2023-10-30 10:15:06,732 [WARN] ConditionMgr:438 - getConditionDescription Invalid condition id : UX DEVICE CLASS RTOS Condition cause : null
2023-10-30 10:15:06,732 [WARN] ConditionMgr:438 - getConditionDescription Invalid condition id : UX DEVICE CLASS RTOS Condition cause : null
2023-10-30 10:15:06,734 [WARN] PackLoader:240 - Cannot read IP mode file for STMicroelectronics.X-CUBE-AZRTOS-WB.2.0.0
2023-10-30 10:15:06,734 [WARN] ConditionMgr:1039 - genDependencies : Invalid condition id : UX DEVICE CLASS RTOS Condition cause : null
2023-10-30 10:15:06,734 [WARN] ConditionMgr:1039 - genDependencies : Invalid condition id : UX DEVICE CLASS RTOS Condition cause : null
2023-10-30 10:15:06,734 [WARN] ConditionMgr:1039 - genDependencies : Invalid condition id : UX DEVICE CLASS RTOS Condition cause : null
2023-10-30 10:15:06,735 [WARN] ConditionMgr:1039 - genDependencies : Invalid condition id : UX DEVICE CLASS RTOS Condition cause : null
2023-10-30 10:15:06,735 [WARN] ConditionMgr:1039 - genDependencies : Invalid condition id : UX DEVICE CLASS RTOS Condition cause : null
2023-10-30 10:15:06,742 [WARN] PackLoader:240 - Cannot read IP mode file for STMicroelectronics.X-CUBE-SUBG2.5.0.0
2023-10-30 10:15:06,750 [WARN] PackLoader:240 - Cannot read IP mode file for STMicroelectronics.X-CUBE-TOF1.3.3.1
2023-10-30 10:15:06,761 [WARN] PackLoader:240 - Cannot read IP mode file for STMicroelectronics.X-CUBE-AZRTOS-G4.2.0.0
2023-10-30 10:15:06,769 [WARN] PackLoader:240 - Cannot read IP mode file for Infineon.AIROC-Wi-Fi-Bluetooth-STM32.1.5.1
2023-10-30 10:15:06,790 [WARN] PackLoader:240 - Cannot read IP mode file for STMicroelectronics.X-CUBE-MEMS1.10.0.0
2023-10-30 10:15:06,838 [WARN] PackLoader:240 - Cannot read IP mode file for STMicroelectronics.X-CUBE-FREERTOS.1.1.0
2023-10-30 10:15:06,842 [WARN] PackLoader:240 - Cannot read IP mode file for portGmbH.I-Cube-SoM-uGOAL.1.1.0
2023-10-30 10:15:06,847 [WARN] PackLoader:240 - Cannot read IP mode file for STMicroelectronics.X-CUBE-ALS.1.0.1
2023-10-30 10:15:06,851 [WARN] PackLoader:240 - Cannot read IP mode file for STMicroelectronics.FP-ATR-ASTRA1.2.0.0
2023-10-30 10:15:06,853 [INFO] ThirdParty:978 - Integrity check success = true
2023-10-30 10:15:06,853 [INFO] IntegrityCheckThread:100 - exiting critical section [integrity check]
2023-10-30 10:15:06,853 [INFO] IntegrityCheckThread:103 - End integrity checks thread
2023-10-30 10:15:18,938 [ERROR] LogOutputStream:75 - [STDERR_REDIRECT] SLF4J: Failed to load class "org.slf4j.impl.StaticLoggerBinder".
2023-10-30 10:15:18,938 [ERROR] LogOutputStream:75 - [STDERR_REDIRECT] SLF4J: Defaulting to no-operation (NOP) logger implementation
2023-10-30 10:15:18,954 [ERROR] LogOutputStream:75 - [STDERR_REDIRECT] SLF4J: See http://www.slf4j.org/codes.html#StaticLoggerBinder for further details.
