2023-10-17 14:13:11,291 [INFO] Activator:176 - 


2023-10-17 14:13:11,295 [INFO] Activator:177 - !SESSION log4j initialized
2023-10-17 14:13:14,542 [INFO] LogOutputStream:77 - [STDOUT_REDIRECT] 
2023-10-17 14:13:17,186 [INFO] ApplicationProperties:184 - Using Application install path: D:\software\stm32cubide\STM32CubeIDE_1.13.2\STM32CubeIDE\plugins\com.st.stm32cube.common.mx_6.9.2.202309101412
2023-10-17 14:13:17,199 [INFO] DbMcusXml:78 - Set database path to: D:\software\stm32cubide\STM32CubeIDE_1.13.2\STM32CubeIDE\plugins\com.st.stm32cube.common.mx_6.9.2.202309101412\\db\/mcu/
2023-10-17 14:13:17,199 [INFO] ApiDb:274 - Set plugin database path to: D:\software\stm32cubide\STM32CubeIDE_1.13.2\STM32CubeIDE\plugins\com.st.stm32cube.common.mx_6.9.2.202309101412\\db\/plugins/boardmanager/
2023-10-17 14:13:17,199 [WARN] ApiDb:259 - Overriding images path with different value:  => D:\software\stm32cubide\STM32CubeIDE_1.13.2\STM32CubeIDE\plugins\com.st.stm32cube.common.mx_6.9.2.202309101412\\db\/plugins/mcufinder/images/
2023-10-17 14:13:17,205 [INFO] ApiDb:250 - Set database path to: C:\Users\edison\.stmcufinder\plugins\mcufinder//mcu/
2023-10-17 14:13:17,206 [INFO] DbMcusAds:125 - Set database path to: C:\Users\edison\.stmcufinder\plugins\mcufinder//mcu/
2023-10-17 14:13:17,208 [INFO] CrossReferenceDbSqlite:203 - Set database path to: C:\Users\edison\.stmcufinder\plugins\mcufinder//mcu/cs/
2023-10-17 14:13:17,267 [INFO] RulesReader:64 - Compatibility file has been processed (293 Rules)
2023-10-17 14:13:17,387 [INFO] DbMcusXml:78 - Set database path to: D:\software\stm32cubide\STM32CubeIDE_1.13.2\STM32CubeIDE\plugins\com.st.stm32cube.common.mx_6.9.2.202309101412\\db\/mcu/
2023-10-17 14:13:17,387 [INFO] ApiDb:274 - Set plugin database path to: D:\software\stm32cubide\STM32CubeIDE_1.13.2\STM32CubeIDE\plugins\com.st.stm32cube.common.mx_6.9.2.202309101412\\db\/plugins/boardmanager/
2023-10-17 14:13:17,388 [INFO] ApiDb:261 - Set plugin images path to: D:\software\stm32cubide\STM32CubeIDE_1.13.2\STM32CubeIDE\plugins\com.st.stm32cube.common.mx_6.9.2.202309101412\\db\/plugins/mcufinder/images/
2023-10-17 14:13:17,388 [WARN] DbFile:41 - Overriding database path with different value: C:\Users\edison\.stmcufinder\plugins\mcufinder/ => C:\Users\edison\.stmcufinder\plugins\mcufinder
2023-10-17 14:13:17,388 [INFO] ApiDb:250 - Set database path to: C:\Users\edison\.stmcufinder\plugins\mcufinder//mcu/
2023-10-17 14:13:17,388 [WARN] DbFile:41 - Overriding database path with different value: C:\Users\edison\.stmcufinder\plugins\mcufinder/ => C:\Users\edison\.stmcufinder\plugins\mcufinder
2023-10-17 14:13:17,388 [INFO] DbMcusAds:125 - Set database path to: C:\Users\edison\.stmcufinder\plugins\mcufinder//mcu/
2023-10-17 14:13:17,388 [WARN] DbFile:41 - Overriding database path with different value: C:\Users\edison\.stmcufinder\plugins\mcufinder/ => C:\Users\edison\.stmcufinder\plugins\mcufinder
2023-10-17 14:13:17,388 [WARN] DbFile:41 - Overriding database path with different value: C:\Users\edison\.stmcufinder\plugins\mcufinder/ => C:\Users\edison\.stmcufinder\plugins\mcufinder
2023-10-17 14:13:17,388 [INFO] CrossReferenceDbSqlite:203 - Set database path to: C:\Users\edison\.stmcufinder\plugins\mcufinder//mcu/cs/
2023-10-17 14:13:17,431 [INFO] MainPanel:262 - HeapMemory: 268435456
2023-10-17 14:13:17,467 [INFO] DbMcusXml:78 - Set database path to: D:\software\stm32cubide\STM32CubeIDE_1.13.2\STM32CubeIDE\plugins\com.st.stm32cube.common.mx_6.9.2.202309101412\\db\/mcu/
2023-10-17 14:13:17,468 [INFO] ApiDb:274 - Set plugin database path to: D:\software\stm32cubide\STM32CubeIDE_1.13.2\STM32CubeIDE\plugins\com.st.stm32cube.common.mx_6.9.2.202309101412\\db\/plugins/boardmanager/
2023-10-17 14:13:17,468 [INFO] ApiDb:261 - Set plugin images path to: D:\software\stm32cubide\STM32CubeIDE_1.13.2\STM32CubeIDE\plugins\com.st.stm32cube.common.mx_6.9.2.202309101412\\db\/plugins/mcufinder/images/
2023-10-17 14:13:17,468 [WARN] DbFile:41 - Overriding database path with different value: C:\Users\edison\.stmcufinder\plugins\mcufinder/ => C:\Users\edison\.stmcufinder\plugins\mcufinder
2023-10-17 14:13:17,468 [INFO] ApiDb:250 - Set database path to: C:\Users\edison\.stmcufinder\plugins\mcufinder//mcu/
2023-10-17 14:13:17,468 [WARN] DbFile:41 - Overriding database path with different value: C:\Users\edison\.stmcufinder\plugins\mcufinder/ => C:\Users\edison\.stmcufinder\plugins\mcufinder
2023-10-17 14:13:17,468 [INFO] DbMcusAds:125 - Set database path to: C:\Users\edison\.stmcufinder\plugins\mcufinder//mcu/
2023-10-17 14:13:17,468 [WARN] DbFile:41 - Overriding database path with different value: C:\Users\edison\.stmcufinder\plugins\mcufinder/ => C:\Users\edison\.stmcufinder\plugins\mcufinder
2023-10-17 14:13:17,468 [WARN] DbFile:41 - Overriding database path with different value: C:\Users\edison\.stmcufinder\plugins\mcufinder/ => C:\Users\edison\.stmcufinder\plugins\mcufinder
2023-10-17 14:13:17,468 [INFO] CrossReferenceDbSqlite:203 - Set database path to: C:\Users\edison\.stmcufinder\plugins\mcufinder//mcu/cs/
2023-10-17 14:13:17,478 [INFO] ApplicationProperties:184 - Using Application install path: D:\software\stm32cubide\STM32CubeIDE_1.13.2\STM32CubeIDE\plugins\com.st.stm32cube.common.mx_6.9.2.202309101412
2023-10-17 14:13:17,479 [INFO] PluginManage:196 - Search for loadable plugins [exclusion list=, ]
2023-10-17 14:13:17,480 [INFO] PluginManage:310 - Check plugin analytics
2023-10-17 14:13:17,575 [INFO] AnalyticsPlugin:253 - Accepted Software Licenses: 
2023-10-17 14:13:17,575 [INFO] AnalyticsPlugin:255 - Accepted CMSIS Pack Licenses: 
2023-10-17 14:13:17,575 [INFO] AnalyticsPlugin:257 - Accepted Firmware Licenses: FW.F4.1.27.0
2023-10-17 14:13:17,577 [INFO] PluginManage:359 - Loaded plugin analytics (category:tool,tabindex:-1)
2023-10-17 14:13:17,579 [INFO] PluginManage:310 - Check plugin cadmodel
2023-10-17 14:13:17,581 [INFO] CADModel:105 - Init CAD model plugin
2023-10-17 14:13:17,582 [INFO] PluginManage:359 - Loaded plugin cadmodel (category:power,tabindex:5)
2023-10-17 14:13:17,582 [INFO] PluginManage:310 - Check plugin clock
2023-10-17 14:13:17,590 [INFO] PluginManage:359 - Loaded plugin clock (category:base,tabindex:2)
2023-10-17 14:13:17,590 [INFO] PluginManage:310 - Check plugin ddr
2023-10-17 14:13:17,591 [INFO] PluginManage:359 - Loaded plugin ddr (category:tool,tabindex:6)
2023-10-17 14:13:17,591 [INFO] PluginManage:310 - Check plugin filemanager
2023-10-17 14:13:17,675 [INFO] PluginManage:359 - Loaded plugin filemanager (category:base,tabindex:10)
2023-10-17 14:13:17,675 [INFO] PluginManage:310 - Check plugin ipmanager
2023-10-17 14:13:17,681 [INFO] PluginManage:359 - Loaded plugin ipmanager (category:base,tabindex:5)
2023-10-17 14:13:17,681 [INFO] PluginManage:310 - Check plugin lpbam
2023-10-17 14:13:17,687 [INFO] PluginManage:359 - Loaded plugin lpbam (category:base,tabindex:0)
2023-10-17 14:13:17,687 [INFO] PluginManage:310 - Check plugin memorymap
2023-10-17 14:13:17,693 [INFO] PluginManage:359 - Loaded plugin memorymap (category:base,tabindex:4)
2023-10-17 14:13:17,694 [INFO] PluginManage:310 - Check plugin pinoutandconfiguration
2023-10-17 14:13:17,697 [INFO] PluginManage:359 - Loaded plugin pinoutandconfiguration (category:base,tabindex:1)
2023-10-17 14:13:17,698 [INFO] PluginManage:310 - Check plugin pinoutconfig
2023-10-17 14:13:17,748 [WARN] SupportedApi:132 - Cannot load RTOS API schema: s4s-elt-must-match.1: The content of 'definitions' must match (annotation?, (simpleType | complexType)?, (unique | key | keyref)*)). A problem was found starting at: attribute.
2023-10-17 14:13:17,819 [INFO] PluginManage:359 - Loaded plugin pinoutconfig (category:base,tabindex:0)
2023-10-17 14:13:17,819 [INFO] PluginManage:310 - Check plugin power
2023-10-17 14:13:17,825 [INFO] PluginManage:359 - Loaded plugin power (category:power,tabindex:4)
2023-10-17 14:13:17,825 [INFO] PluginManage:310 - Check plugin projectmanager
2023-10-17 14:13:17,834 [INFO] PluginManage:359 - Loaded plugin projectmanager (category:projectmanager,tabindex:3)
2023-10-17 14:13:17,834 [INFO] PluginManage:310 - Check plugin thirdparty
2023-10-17 14:13:17,906 [INFO] PluginManage:359 - Loaded plugin thirdparty (category:base,tabindex:-1)
2023-10-17 14:13:17,906 [WARN] IntegrityCheckThread:84 - waiting for thirdparty lock release [integrity check]
2023-10-17 14:13:17,906 [INFO] IntegrityCheckThread:86 - entering critical section [integrity check]
2023-10-17 14:13:17,906 [INFO] PluginManage:310 - Check plugin tools
2023-10-17 14:13:17,907 [INFO] ThirdPartyUpdaterWithRetryManager:70 - Updater plugin not ready yet. [1/15]
2023-10-17 14:13:17,908 [INFO] PluginManage:359 - Loaded plugin tools (category:base,tabindex:7)
2023-10-17 14:13:17,908 [INFO] PluginManage:310 - Check plugin tutovideos
2023-10-17 14:13:18,036 [INFO] PluginManage:359 - Loaded plugin tutovideos (category:base,tabindex:-1)
2023-10-17 14:13:18,036 [INFO] PluginManage:310 - Check plugin updater
2023-10-17 14:13:18,043 [INFO] PluginManage:359 - Loaded plugin updater (category:base,tabindex:12)
2023-10-17 14:13:18,043 [INFO] PluginManage:310 - Check plugin userauth
2023-10-17 14:13:18,047 [INFO] UserAuth:113 - Init User Auth plugin
2023-10-17 14:13:18,047 [INFO] PluginManage:359 - Loaded plugin userauth (category:base,tabindex:14)
2023-10-17 14:13:18,047 [INFO] PluginManage:283 - PluginManage : Loaded plugins [17]
2023-10-17 14:13:18,182 [INFO] PinOutPanel:1499 - setPackage(No Configuration,No Configuration)
2023-10-17 14:13:18,249 [INFO] CADModel:165 - CPN selected for project level
2023-10-17 14:13:18,249 [INFO] CADModel:114 - Register for checkConnection events
2023-10-17 14:13:18,258 [INFO] IPUIPlugin:80 - create IPUIPlugin
2023-10-17 14:13:18,258 [INFO] PluginManager:220 - loadIPPluginJar : add adc
2023-10-17 14:13:18,259 [INFO] IPUIPlugin:80 - create IPUIPlugin
2023-10-17 14:13:18,259 [INFO] PluginManager:220 - loadIPPluginJar : add aes
2023-10-17 14:13:18,260 [INFO] IPUIPlugin:80 - create IPUIPlugin
2023-10-17 14:13:18,260 [INFO] PluginManager:220 - loadIPPluginJar : add can
2023-10-17 14:13:18,261 [INFO] IPUIPlugin:80 - create IPUIPlugin
2023-10-17 14:13:18,261 [INFO] PluginManager:220 - loadIPPluginJar : add comp
2023-10-17 14:13:18,263 [INFO] IPUIPlugin:80 - create IPUIPlugin
2023-10-17 14:13:18,263 [INFO] PluginManager:220 - loadIPPluginJar : add cryp
2023-10-17 14:13:18,264 [INFO] IPUIPlugin:80 - create IPUIPlugin
2023-10-17 14:13:18,264 [INFO] PluginManager:220 - loadIPPluginJar : add dfsdm
2023-10-17 14:13:18,267 [INFO] IPUIPlugin:80 - create IPUIPlugin
2023-10-17 14:13:18,268 [INFO] PluginManager:220 - loadIPPluginJar : add dma
2023-10-17 14:13:18,269 [INFO] IPUIPlugin:80 - create IPUIPlugin
2023-10-17 14:13:18,269 [INFO] PluginManager:220 - loadIPPluginJar : add dma3
2023-10-17 14:13:18,269 [INFO] IPUIPlugin:80 - create IPUIPlugin
2023-10-17 14:13:18,269 [INFO] PluginManager:220 - loadIPPluginJar : add fatfs
2023-10-17 14:13:18,271 [INFO] IPUIPlugin:80 - create IPUIPlugin
2023-10-17 14:13:18,271 [INFO] PluginManager:220 - loadIPPluginJar : add fmc
2023-10-17 14:13:18,274 [INFO] IPUIPlugin:80 - create IPUIPlugin
2023-10-17 14:13:18,274 [INFO] PluginManager:220 - loadIPPluginJar : add freertos
2023-10-17 14:13:18,274 [INFO] IPUIPlugin:80 - create IPUIPlugin
2023-10-17 14:13:18,274 [INFO] PluginManager:220 - loadIPPluginJar : add genericplugin
2023-10-17 14:13:18,276 [INFO] IPUIPlugin:80 - create IPUIPlugin
2023-10-17 14:13:18,276 [INFO] PluginManager:220 - loadIPPluginJar : add gfxmmu
2023-10-17 14:13:18,279 [INFO] IPUIPlugin:80 - create IPUIPlugin
2023-10-17 14:13:18,279 [INFO] PluginManager:220 - loadIPPluginJar : add gic
2023-10-17 14:13:18,280 [INFO] IPUIPlugin:80 - create IPUIPlugin
2023-10-17 14:13:18,280 [INFO] PluginManager:220 - loadIPPluginJar : add gpio
2023-10-17 14:13:18,281 [INFO] IPUIPlugin:80 - create IPUIPlugin
2023-10-17 14:13:18,281 [INFO] PluginManager:220 - loadIPPluginJar : add gtzc
2023-10-17 14:13:18,282 [INFO] IPUIPlugin:80 - create IPUIPlugin
2023-10-17 14:13:18,282 [INFO] PluginManager:220 - loadIPPluginJar : add hash
2023-10-17 14:13:18,283 [INFO] IPUIPlugin:80 - create IPUIPlugin
2023-10-17 14:13:18,283 [INFO] PluginManager:220 - loadIPPluginJar : add i2c
2023-10-17 14:13:18,284 [INFO] IPUIPlugin:80 - create IPUIPlugin
2023-10-17 14:13:18,284 [INFO] PluginManager:220 - loadIPPluginJar : add i2s
2023-10-17 14:13:18,285 [INFO] IPUIPlugin:80 - create IPUIPlugin
2023-10-17 14:13:18,285 [INFO] PluginManager:220 - loadIPPluginJar : add i3c
2023-10-17 14:13:18,287 [INFO] IPUIPlugin:80 - create IPUIPlugin
2023-10-17 14:13:18,287 [INFO] PluginManager:220 - loadIPPluginJar : add ipddr
2023-10-17 14:13:18,291 [INFO] IPUIPlugin:80 - create IPUIPlugin
2023-10-17 14:13:18,291 [INFO] PluginManager:220 - loadIPPluginJar : add linkedlist
2023-10-17 14:13:18,292 [INFO] IPUIPlugin:80 - create IPUIPlugin
2023-10-17 14:13:18,292 [INFO] PluginManager:220 - loadIPPluginJar : add lorawan
2023-10-17 14:13:18,294 [INFO] IPUIPlugin:80 - create IPUIPlugin
2023-10-17 14:13:18,294 [INFO] PluginManager:220 - loadIPPluginJar : add ltdc
2023-10-17 14:13:18,297 [INFO] IPUIPlugin:80 - create IPUIPlugin
2023-10-17 14:13:18,298 [INFO] PluginManager:220 - loadIPPluginJar : add mdma
2023-10-17 14:13:18,300 [INFO] IPUIPlugin:80 - create IPUIPlugin
2023-10-17 14:13:18,300 [INFO] PluginManager:220 - loadIPPluginJar : add nvic
2023-10-17 14:13:18,302 [INFO] IPUIPlugin:80 - create IPUIPlugin
2023-10-17 14:13:18,302 [INFO] PluginManager:220 - loadIPPluginJar : add opamp
2023-10-17 14:13:18,306 [INFO] IPUIPlugin:80 - create IPUIPlugin
2023-10-17 14:13:18,306 [INFO] PluginManager:220 - loadIPPluginJar : add openamp
2023-10-17 14:13:18,308 [INFO] IPUIPlugin:80 - create IPUIPlugin
2023-10-17 14:13:18,308 [INFO] PluginManager:220 - loadIPPluginJar : add pdm2pcm
2023-10-17 14:13:18,315 [INFO] IPUIPlugin:80 - create IPUIPlugin
2023-10-17 14:13:18,317 [INFO] PluginManager:220 - loadIPPluginJar : add plateformsettings
2023-10-17 14:13:18,319 [INFO] IPUIPlugin:80 - create IPUIPlugin
2023-10-17 14:13:18,319 [INFO] PluginManager:220 - loadIPPluginJar : add quadspi
2023-10-17 14:13:18,321 [INFO] IPUIPlugin:80 - create IPUIPlugin
2023-10-17 14:13:18,322 [INFO] PluginManager:220 - loadIPPluginJar : add resmgrutility
2023-10-17 14:13:18,324 [INFO] IPUIPlugin:80 - create IPUIPlugin
2023-10-17 14:13:18,324 [INFO] PluginManager:220 - loadIPPluginJar : add sai
2023-10-17 14:13:18,327 [INFO] IPUIPlugin:80 - create IPUIPlugin
2023-10-17 14:13:18,327 [INFO] PluginManager:220 - loadIPPluginJar : add spi
2023-10-17 14:13:18,332 [INFO] IPUIPlugin:80 - create IPUIPlugin
2023-10-17 14:13:18,332 [INFO] PluginManager:220 - loadIPPluginJar : add stm32_wpan
2023-10-17 14:13:18,334 [INFO] IPUIPlugin:80 - create IPUIPlugin
2023-10-17 14:13:18,334 [INFO] PluginManager:220 - loadIPPluginJar : add tim
2023-10-17 14:13:18,337 [INFO] IPUIPlugin:80 - create IPUIPlugin
2023-10-17 14:13:18,337 [INFO] PluginManager:220 - loadIPPluginJar : add touchsensing
2023-10-17 14:13:18,339 [INFO] IPUIPlugin:80 - create IPUIPlugin
2023-10-17 14:13:18,339 [INFO] PluginManager:220 - loadIPPluginJar : add tracer_emb
2023-10-17 14:13:18,341 [INFO] IPUIPlugin:80 - create IPUIPlugin
2023-10-17 14:13:18,341 [INFO] PluginManager:220 - loadIPPluginJar : add ts
2023-10-17 14:13:18,343 [INFO] IPUIPlugin:80 - create IPUIPlugin
2023-10-17 14:13:18,343 [INFO] PluginManager:220 - loadIPPluginJar : add tsc
2023-10-17 14:13:18,346 [INFO] IPUIPlugin:80 - create IPUIPlugin
2023-10-17 14:13:18,346 [INFO] PluginManager:220 - loadIPPluginJar : add ucpd
2023-10-17 14:13:18,349 [INFO] IPUIPlugin:80 - create IPUIPlugin
2023-10-17 14:13:18,349 [INFO] PluginManager:220 - loadIPPluginJar : add usart
2023-10-17 14:13:18,351 [INFO] IPUIPlugin:80 - create IPUIPlugin
2023-10-17 14:13:18,351 [INFO] PluginManager:220 - loadIPPluginJar : add usbx
2023-10-17 14:13:18,495 [INFO] CADModel:165 - CPN selected for project level
2023-10-17 14:13:18,495 [INFO] CADModel:114 - Register for checkConnection events
2023-10-17 14:13:18,495 [FATAL] Updater:308 - Updater called before beeing initialized
2023-10-17 14:13:18,495 [ERROR] CADModel:125 - Updater not yet initialized, retry later 
2023-10-17 14:13:18,658 [INFO] CADModel:165 - CPN selected for project level
2023-10-17 14:13:18,658 [INFO] CADModel:114 - Register for checkConnection events
2023-10-17 14:13:18,658 [FATAL] Updater:308 - Updater called before beeing initialized
2023-10-17 14:13:18,658 [ERROR] CADModel:125 - Updater not yet initialized, retry later 
2023-10-17 14:13:18,663 [FATAL] Updater:308 - Updater called before beeing initialized
2023-10-17 14:13:18,781 [FATAL] Updater:308 - Updater called before beeing initialized
2023-10-17 14:13:18,785 [INFO] DbMcusAds:53 - JSON generation date=Tue Mar 07 16:50:55 CST 2023 (1678179055114)
2023-10-17 14:13:18,785 [FATAL] Updater:308 - Updater called before beeing initialized
2023-10-17 14:13:18,812 [WARN] DetailPanel:346 - Failed to get advertising image, set to default
2023-10-17 14:13:18,879 [FATAL] Updater:308 - Updater called before beeing initialized
2023-10-17 14:13:18,880 [FATAL] Updater:308 - Updater called before beeing initialized
2023-10-17 14:13:18,881 [FATAL] Updater:308 - Updater called before beeing initialized
2023-10-17 14:13:18,881 [WARN] DetailPanel:346 - Failed to get advertising image, set to default
2023-10-17 14:13:18,882 [FATAL] Updater:308 - Updater called before beeing initialized
2023-10-17 14:13:18,918 [ERROR] Updater:1120 - MainUpdater not yet initialized. External WinMGr cannot be set.
2023-10-17 14:13:18,919 [INFO] Updater:1056 - Updater Version found : 6.9.2
2023-10-17 14:13:18,938 [INFO] ApplicationProperties:184 - Using Application install path: D:\software\stm32cubide\STM32CubeIDE_1.13.2\STM32CubeIDE\plugins\com.st.stm32cube.common.mx_6.9.2.202309101412
2023-10-17 14:13:19,167 [INFO] MainUpdater:2868 - connection check result : 10
2023-10-17 14:13:19,168 [INFO] MainUpdater:285 - Updater Check For Update Now.
2023-10-17 14:13:19,168 [INFO] MicroXplorer:498 - Change Database Version : DB.6.0.92
2023-10-17 14:13:19,173 [INFO] McuFinderGlobals:63 - Set McuFinder mode to 2 (CubeIDE integrated)
2023-10-17 14:13:19,327 [INFO] CheckServerUpdateThread:120 - End of CheckServer Thread
2023-10-17 14:13:20,994 [WARN] PackLoader:240 - Cannot read IP mode file for STMicroelectronics.X-CUBE-SMBUS.2.1.0
2023-10-17 14:13:21,015 [WARN] PackLoader:240 - Cannot read IP mode file for STMicroelectronics.X-CUBE-AZRTOS-F7.1.1.0
2023-10-17 14:13:21,037 [WARN] PackLoader:240 - Cannot read IP mode file for STMicroelectronics.FP-SNS-MOTENV1.4.3.2
2023-10-17 14:13:21,042 [WARN] PackLoader:240 - Cannot read IP mode file for STMicroelectronics.FP-SNS-FLIGHT1.5.0.2
2023-10-17 14:13:21,049 [WARN] PackLoader:240 - Cannot read IP mode file for STMicroelectronics.X-CUBE-DISPLAY.3.0.0
2023-10-17 14:13:21,058 [WARN] PackLoader:240 - Cannot read IP mode file for STMicroelectronics.X-CUBE-BLE1.7.0.0
2023-10-17 14:13:21,063 [WARN] PackLoader:240 - Cannot read IP mode file for emotas.I-CUBE-CANOPEN.1.3.0
2023-10-17 14:13:21,066 [WARN] PackLoader:240 - Cannot read IP mode file for STMicroelectronics.X-CUBE-TOUCHGFX.4.22.1
2023-10-17 14:13:21,070 [WARN] PackLoader:240 - Cannot read IP mode file for STMicroelectronics.FP-SNS-SMARTAG2.1.2.0
2023-10-17 14:13:21,076 [INFO] LogOutputStream:77 - [STDOUT_REDIRECT] 1 : Invalid condition id : UX_CORESTACK_Condition cause : null
2023-10-17 14:13:21,076 [INFO] LogOutputStream:77 - [STDOUT_REDIRECT] 1 : Invalid condition id : UX_CORESTACK_Condition cause : null
2023-10-17 14:13:21,077 [INFO] LogOutputStream:77 - [STDOUT_REDIRECT] 1 : Invalid condition id : UX_CORESTACK_Condition cause : null
2023-10-17 14:13:21,077 [INFO] LogOutputStream:77 - [STDOUT_REDIRECT] 1 : Invalid condition id : UX_CORESTACK_Condition cause : null
2023-10-17 14:13:21,078 [INFO] LogOutputStream:77 - [STDOUT_REDIRECT] 1 : Invalid condition id : UX_CORESTACK_Condition cause : null
2023-10-17 14:13:21,079 [WARN] PackLoader:240 - Cannot read IP mode file for STMicroelectronics.X-CUBE-AZRTOS-WL.2.0.0
2023-10-17 14:13:21,085 [WARN] PackLoader:240 - Cannot read IP mode file for WES.I-CUBE-Cesium.1.3.0
2023-10-17 14:13:21,088 [WARN] PackLoader:240 - Cannot read IP mode file for STMicroelectronics.X-CUBE-BLE2.3.3.0
2023-10-17 14:13:21,091 [WARN] PackLoader:240 - Cannot read IP mode file for STMicroelectronics.X-CUBE-ALGOBUILD.1.3.0
2023-10-17 14:13:21,100 [WARN] PackLoader:240 - Cannot read IP mode file for STMicroelectronics.X-CUBE-AZRTOS-G0.1.1.0
2023-10-17 14:13:21,105 [WARN] PackLoader:240 - Cannot read IP mode file for STMicroelectronics.X-CUBE-NFC4.3.0.0
2023-10-17 14:13:21,109 [WARN] PackLoader:240 - Cannot read IP mode file for STMicroelectronics.FP-ATR-SIGFOX1.3.2.0
2023-10-17 14:13:21,128 [WARN] PackLoader:240 - Cannot read IP mode file for SEGGER.I-CUBE-embOS.1.3.1
2023-10-17 14:13:21,155 [WARN] PackLoader:240 - Cannot read IP mode file for STMicroelectronics.X-CUBE-GNSS1.6.0.0
2023-10-17 14:13:21,166 [WARN] PackLoader:240 - Cannot read IP mode file for STMicroelectronics.X-CUBE-AZRTOS-F4.1.1.0
2023-10-17 14:13:21,171 [WARN] PackLoader:240 - Cannot read IP mode file for wolfSSL.I-CUBE-wolfSSL.5.6.3
2023-10-17 14:13:21,180 [WARN] PackLoader:240 - Cannot read IP mode file for STMicroelectronics.X-CUBE-AZRTOS-L5.2.0.0
2023-10-17 14:13:21,203 [WARN] PackLoader:240 - Cannot read IP mode file for STMicroelectronics.X-CUBE-MEMS1.9.6.0
2023-10-17 14:13:21,295 [WARN] PackLoader:240 - Cannot read IP mode file for ITTIA_DB.I-CUBE-ITTIADB.8.8.0
2023-10-17 14:13:21,303 [WARN] PackLoader:240 - Cannot read IP mode file for STMicroelectronics.X-CUBE-BLEMGR.2.0.0
2023-10-17 14:13:21,313 [WARN] ConditionMgr:438 - getConditionDescription Invalid condition id : UX DEVICE CLASS RTOS Condition cause : null
2023-10-17 14:13:21,314 [WARN] ConditionMgr:438 - getConditionDescription Invalid condition id : UX DEVICE CLASS RTOS Condition cause : null
2023-10-17 14:13:21,316 [WARN] PackLoader:240 - Cannot read IP mode file for STMicroelectronics.X-CUBE-AZRTOS-H7.3.1.0
2023-10-17 14:13:21,317 [WARN] ConditionMgr:1039 - genDependencies : Invalid condition id : UX DEVICE CLASS RTOS Condition cause : null
2023-10-17 14:13:21,317 [WARN] ConditionMgr:1039 - genDependencies : Invalid condition id : UX DEVICE CLASS RTOS Condition cause : null
2023-10-17 14:13:21,317 [WARN] ConditionMgr:1039 - genDependencies : Invalid condition id : UX DEVICE CLASS RTOS Condition cause : null
2023-10-17 14:13:21,317 [WARN] ConditionMgr:1039 - genDependencies : Invalid condition id : UX DEVICE CLASS RTOS Condition cause : null
2023-10-17 14:13:21,317 [WARN] ConditionMgr:1039 - genDependencies : Invalid condition id : UX DEVICE CLASS RTOS Condition cause : null
2023-10-17 14:13:21,321 [WARN] PackLoader:240 - Cannot read IP mode file for STMicroelectronics.X-CUBE-NFC7.1.0.1
2023-10-17 14:13:21,326 [WARN] PackLoader:240 - Cannot read IP mode file for STMicroelectronics.X-CUBE-NFC6.3.0.0
2023-10-17 14:13:21,331 [WARN] PackLoader:240 - Cannot read IP mode file for STMicroelectronics.X-CUBE-EEPRMA1.4.1.0
2023-10-17 14:13:21,336 [WARN] PackLoader:240 - Cannot read IP mode file for STMicroelectronics.X-CUBE-AI.8.1.0
2023-10-17 14:13:21,353 [WARN] ConditionMgr:438 - getConditionDescription Invalid condition id : LAN8742 Phy interface Condition cause : null
2023-10-17 14:13:21,353 [WARN] PackLoader:240 - Cannot read IP mode file for STMicroelectronics.X-CUBE-AZRTOS-L4.2.0.0
2023-10-17 14:13:21,355 [WARN] ConditionMgr:1039 - genDependencies : Invalid condition id : LAN8742 Phy interface Condition cause : null
2023-10-17 14:13:21,355 [WARN] ConditionMgr:1039 - genDependencies : Invalid condition id : LAN8742 Phy interface Condition cause : null
2023-10-17 14:13:21,356 [WARN] ConditionMgr:1039 - genDependencies : Invalid condition id : LAN8742 Phy interface Condition cause : null
2023-10-17 14:13:21,362 [WARN] PackLoader:240 - Cannot read IP mode file for STMicroelectronics.X-CUBE-SFXS2LP1.4.0.0
2023-10-17 14:13:21,367 [WARN] PackLoader:240 - Cannot read IP mode file for STMicroelectronics.X-CUBE-ISPU.1.1.0
2023-10-17 14:13:21,374 [WARN] ConditionMgr:438 - getConditionDescription Invalid condition id : UX DEVICE CLASS RTOS Condition cause : null
2023-10-17 14:13:21,374 [WARN] ConditionMgr:438 - getConditionDescription Invalid condition id : UX DEVICE CLASS RTOS Condition cause : null
2023-10-17 14:13:21,375 [WARN] PackLoader:240 - Cannot read IP mode file for STMicroelectronics.X-CUBE-AZRTOS-WB.2.0.0
2023-10-17 14:13:21,375 [WARN] ConditionMgr:1039 - genDependencies : Invalid condition id : UX DEVICE CLASS RTOS Condition cause : null
2023-10-17 14:13:21,375 [WARN] ConditionMgr:1039 - genDependencies : Invalid condition id : UX DEVICE CLASS RTOS Condition cause : null
2023-10-17 14:13:21,375 [WARN] ConditionMgr:1039 - genDependencies : Invalid condition id : UX DEVICE CLASS RTOS Condition cause : null
2023-10-17 14:13:21,376 [WARN] ConditionMgr:1039 - genDependencies : Invalid condition id : UX DEVICE CLASS RTOS Condition cause : null
2023-10-17 14:13:21,376 [WARN] ConditionMgr:1039 - genDependencies : Invalid condition id : UX DEVICE CLASS RTOS Condition cause : null
2023-10-17 14:13:21,382 [WARN] PackLoader:240 - Cannot read IP mode file for STMicroelectronics.X-CUBE-SUBG2.5.0.0
2023-10-17 14:13:21,389 [WARN] PackLoader:240 - Cannot read IP mode file for STMicroelectronics.X-CUBE-TOF1.3.3.1
2023-10-17 14:13:21,401 [WARN] PackLoader:240 - Cannot read IP mode file for STMicroelectronics.X-CUBE-AZRTOS-G4.2.0.0
2023-10-17 14:13:21,413 [WARN] PackLoader:240 - Cannot read IP mode file for Infineon.AIROC-Wi-Fi-Bluetooth-STM32.1.5.1
2023-10-17 14:13:21,420 [WARN] PackLoader:240 - Cannot read IP mode file for STMicroelectronics.X-CUBE-FREERTOS.1.1.0
2023-10-17 14:13:21,427 [WARN] PackLoader:240 - Cannot read IP mode file for portGmbH.I-Cube-SoM-uGOAL.1.1.0
2023-10-17 14:13:21,433 [WARN] PackLoader:240 - Cannot read IP mode file for STMicroelectronics.X-CUBE-ALS.1.0.1
2023-10-17 14:13:21,438 [WARN] PackLoader:240 - Cannot read IP mode file for STMicroelectronics.FP-ATR-ASTRA1.2.0.0
2023-10-17 14:13:21,439 [INFO] ThirdParty:978 - Integrity check success = true
2023-10-17 14:13:21,439 [INFO] IntegrityCheckThread:100 - exiting critical section [integrity check]
2023-10-17 14:13:21,439 [INFO] IntegrityCheckThread:103 - End integrity checks thread
2023-10-17 14:13:48,249 [ERROR] LogOutputStream:75 - [STDERR_REDIRECT] SLF4J: Failed to load class "org.slf4j.impl.StaticLoggerBinder".
2023-10-17 14:13:48,249 [ERROR] LogOutputStream:75 - [STDERR_REDIRECT] SLF4J: Defaulting to no-operation (NOP) logger implementation
2023-10-17 14:13:48,250 [ERROR] LogOutputStream:75 - [STDERR_REDIRECT] SLF4J: See http://www.slf4j.org/codes.html#StaticLoggerBinder for further details.
2023-10-17 14:53:21,887 [INFO] McuFinderGlobals:63 - Set McuFinder mode to 2 (CubeIDE integrated)
2023-10-17 14:53:21,891 [INFO] MainUpdater:2868 - connection check result : 10
2023-10-17 14:53:21,892 [INFO] MainUpdater:2868 - connection check result : 10
2023-10-17 14:53:21,934 [INFO] MicroXplorer:468 - Change Database Path : 
2023-10-17 14:53:21,934 [INFO] MicroXplorer:498 - Change Database Version : DB.6.0.92
2023-10-17 14:53:21,937 [WARN] ThirdParty:871 - waiting for thirdparty lock release [close project]
2023-10-17 14:53:21,937 [INFO] ThirdParty:873 - entering critical section [close project]
2023-10-17 14:53:21,938 [INFO] ThirdParty:883 - exiting critical section [close project]
2023-10-17 14:53:21,939 [INFO] PinOutPanel:1499 - setPackage(No Configuration,No Configuration)
2023-10-17 14:53:21,943 [INFO] UtilMem:75 - Begin LoadConfig() Used Memory: 373344224 Bytes (744488960)
2023-10-17 14:53:21,944 [INFO] MicroXplorer:468 - Change Database Path : 
2023-10-17 14:53:21,944 [INFO] MicroXplorer:498 - Change Database Version : DB.6.0.92
2023-10-17 14:53:21,944 [INFO] OpenFileManager:308 - Change cursor
2023-10-17 14:53:21,961 [INFO] Mcu:1946 - Initializing MCU STM32F401R(D-E)Tx STM32F401RETx STM32F401RET6
2023-10-17 14:53:22,825 [INFO] Context:659 - Trying to add GPIOservice into a context  which must be forbidden
2023-10-17 14:53:23,097 [INFO] RtosManager:555 - Registered RTOS mode: class=CMSIS, group=RTOS, mode=CMSIS_V1, owner=FREERTOS
2023-10-17 14:53:23,097 [INFO] RtosManager:555 - Registered RTOS mode: class=CMSIS, group=RTOS2, mode=CMSIS_V2, owner=FREERTOS
2023-10-17 14:53:23,097 [INFO] RtosManager:555 - Registered RTOS mode: class=RTOS, group=Core, mode=CMSIS_V1, owner=FREERTOS
2023-10-17 14:53:23,097 [INFO] RtosManager:555 - Registered RTOS mode: class=RTOS, group=Core, mode=CMSIS_V2, owner=FREERTOS
2023-10-17 14:53:23,097 [WARN] ModelIntegratedComponent:184 - Missing modes for component STMicroelectronics:FreeRTOS:0.0.1:STMicroelectronics:RTOS:FreeRTOS:Core:::10.2.0:
2023-10-17 14:53:23,105 [WARN] ModelIntegratedComponent:63 - No mode defined for component null
2023-10-17 14:53:23,105 [WARN] ModelIntegratedComponent:63 - No mode defined for component null
2023-10-17 14:53:23,105 [WARN] ModelIntegratedComponent:63 - No mode defined for component null
2023-10-17 14:53:23,105 [WARN] ModelIntegratedComponent:63 - No mode defined for component null
2023-10-17 14:53:23,105 [WARN] ModelIntegratedComponent:63 - No mode defined for component null
2023-10-17 14:53:23,105 [WARN] ModelIntegratedComponent:63 - No mode defined for component null
2023-10-17 14:53:23,105 [WARN] ModelIntegratedComponent:63 - No mode defined for component null
2023-10-17 14:53:23,105 [WARN] ModelIntegratedComponent:63 - No mode defined for component null
2023-10-17 14:53:23,105 [WARN] ModelIntegratedComponent:63 - No mode defined for component null
2023-10-17 14:53:23,105 [WARN] ModelIntegratedComponent:63 - No mode defined for component null
2023-10-17 14:53:23,105 [WARN] ModelIntegratedComponent:63 - No mode defined for component null
2023-10-17 14:53:23,105 [WARN] ModelIntegratedComponent:63 - No mode defined for component null
2023-10-17 14:53:23,106 [WARN] ModelIntegratedComponent:63 - No mode defined for component null
2023-10-17 14:53:23,106 [WARN] ModelIntegratedComponent:63 - No mode defined for component null
2023-10-17 14:53:23,106 [WARN] ModelIntegratedComponent:63 - No mode defined for component null
2023-10-17 14:53:23,106 [WARN] ModelIntegratedComponent:63 - No mode defined for component null
2023-10-17 14:53:23,106 [WARN] ModelIntegratedComponent:63 - No mode defined for component null
2023-10-17 14:53:23,106 [WARN] ModelIntegratedComponent:63 - No mode defined for component null
2023-10-17 14:53:23,106 [WARN] ModelIntegratedComponent:63 - No mode defined for component null
2023-10-17 14:53:23,106 [WARN] ModelIntegratedComponent:63 - No mode defined for component null
2023-10-17 14:53:23,106 [WARN] ModelIntegratedComponent:63 - No mode defined for component null
2023-10-17 14:53:23,106 [WARN] ModelIntegratedComponent:63 - No mode defined for component null
2023-10-17 14:53:23,106 [WARN] ModelIntegratedComponent:63 - No mode defined for component null
2023-10-17 14:53:23,106 [WARN] ModelIntegratedComponent:63 - No mode defined for component null
2023-10-17 14:53:23,106 [WARN] ModelIntegratedComponent:63 - No mode defined for component null
2023-10-17 14:53:23,106 [WARN] ModelIntegratedComponent:63 - No mode defined for component null
2023-10-17 14:53:23,106 [WARN] ModelIntegratedComponent:63 - No mode defined for component null
2023-10-17 14:53:23,106 [WARN] ModelIntegratedComponent:63 - No mode defined for component null
2023-10-17 14:53:23,106 [WARN] ModelIntegratedComponent:63 - No mode defined for component null
2023-10-17 14:53:23,106 [WARN] ModelIntegratedComponent:63 - No mode defined for component null
2023-10-17 14:53:23,106 [WARN] ModelIntegratedComponent:63 - No mode defined for component null
2023-10-17 14:53:23,106 [WARN] ModelIntegratedComponent:63 - No mode defined for component null
2023-10-17 14:53:23,107 [WARN] ModelIntegratedComponent:63 - No mode defined for component null
2023-10-17 14:53:23,120 [INFO] ThirdPartyModel:298 - Start build external matchings
2023-10-17 14:53:23,253 [INFO] ThirdPartyModel:316 - End build external matchings
2023-10-17 14:53:23,259 [INFO] ImportTextPane:194 - (OptionalMessage_ERROR) IP (RCC) : Parameter (RTCHSEDivFreq_Value) has invalid value (12500000)
2023-10-17 14:53:23,427 [INFO] UtilMem:75 - End LoadConfig() Used Memory: 498676728 Bytes (618659840)
2023-10-17 14:53:23,558 [INFO] ApiDb:581 - Connected to CubeFinder SQLite database (C:\Users\edison\.stmcufinder\plugins\mcufinder\mcu\cube-finder-db.db)
2023-10-17 14:53:23,603 [INFO] ApiDb:668 - CubeFinder database Data Model version=2.1
2023-10-17 14:53:23,603 [INFO] ApiDb:669 - CubeFinder database Configuration version=3.0.37
2023-10-17 14:53:23,604 [INFO] ApiDb:670 - CubeFinder database generation date=2023-08-09 (1691586011)
2023-10-17 14:53:23,604 [INFO] ApiDb:671 - CubeFinder database FW Pack versions=[FP-ATR-ASTRA1_V2.0.0, FP-SNS-FLIGHT1_V5.0.1, FP-SNS-FLIGHT1_V5.0.2, FP-SNS-MOTENV1_V4.3.1, FP-SNS-MOTENV1_V4.3.2, STM32Cube_FW_C0_V1.1.0, STM32Cube_FW_F4_V1.27.1, STM32Cube_FW_F7_V1.17.0, STM32Cube_FW_G0_V1.6.1, STM32Cube_FW_G4_V1.5.1, STM32Cube_FW_H5_V0.5.1, STM32Cube_FW_H5_V1.1.0, STM32Cube_FW_H7_V1.11.0, STM32Cube_FW_L0_V1.12.2, STM32Cube_FW_L5_V1.5.0, STM32Cube_FW_U5_V1.3.0, STM32Cube_FW_U5_V1.3.0RC4, STM32Cube_FW_WBA_V1.0.0RC1, STM32Cube_FW_WBA_V1.1.0, STM32Cube_FW_WBA_V1.1.0RC1, STM32Cube_FW_WB_V1.15.0RC1, STM32Cube_FW_WB_V1.16.0, STM32Cube_FW_WB_V1.16.0RC2, STM32Cube_FW_WB_V1.17.0, STM32Cube_FW_WL_V1.3.0, X-CUBE-ALGOBUILD_V1.3.0, X-CUBE-ALS_V1.0.1, X-CUBE-AZRTOS-F4_V1.1.0, X-CUBE-AZRTOS-F7_V1.1.0, X-CUBE-AZRTOS-G0_V1.1.0, X-CUBE-AZRTOS-G4_V2.0.0, X-CUBE-AZRTOS-H7_V3.1.0, X-CUBE-AZRTOS-L4_V1.0.0, X-CUBE-AZRTOS-L4_V2.0.0, X-CUBE-AZRTOS-L5_V1.1.0, X-CUBE-AZRTOS-WB_V1.1.0, X-CUBE-AZRTOS-WL_V2.0.0, X-CUBE-BLE1_V7.0.0, X-CUBE-BLE2_V3.3.0, X-CUBE-BLEMGR_V2.0.0, X-CUBE-EEPRMA1_V4.1.0, X-CUBE-FREERTOS_V1.1.0, X-CUBE-GNSS1_V6.0.0, X-CUBE-MEMS1_V9.1.0, X-CUBE-MEMS1_V9.4.0, X-CUBE-MEMS1_V9.6.0, X-CUBE-NFC4_V3.0.0, X-CUBE-NFC7_V1.0.0, X-CUBE-SFXS2LP1_V4.0.0, X-CUBE-SUBG2_V5.0.0, X-CUBE-TOF1_V3.3.1]
2023-10-17 14:53:24,845 [INFO] ApiDb:240 - Found 323 in-development CPN: [B-G473E-ZEST1S, B-WB1M-WPAN1, B-WL5M-SUBG1, NUCLEO-C031C6, NUCLEO-H503RB, NUCLEO-H563ZI, NUCLEO-U545RE-Q, NUCLEO-U5A5ZJ-Q, NUCLEO-WBA52CG, STEVAL-PROTEUS1, STEVAL-SMARTAG2, STEVAL-STWINBX1, STM320518-EVAL, STM32C0116-DK, STM32C011D6Y3TR, STM32C011D6Y6TR, STM32C011F4P3, STM32C011F4P6, STM32C011F4U3, STM32C011F4U6TR, STM32C011F6P3, STM32C011F6P6, STM32C011F6U3, STM32C011F6U6TR, STM32C011J4M3, STM32C011J4M6, STM32C011J6M3, STM32C011J6M6, STM32C0316-DK, STM32C031C4T3, STM32C031C4T6, STM32C031C4U3, STM32C031C4U6, STM32C031C6T3, STM32C031C6T6, STM32C031C6U3, STM32C031C6U6, STM32C031F4P3, STM32C031F4P6, STM32C031F6P3, STM32C031F6P6, STM32C031G4U3, STM32C031G4U6, STM32C031G6U3, STM32C031G6U6, STM32C031K4T3, STM32C031K4T6, STM32C031K4U3, STM32C031K4U6, STM32C031K6T3, STM32C031K6T6, STM32C031K6U3, STM32C031K6U6, STM32G071K8TXN, STM32G071K8UXN, STM32G081GBU6N, STM32G081KBT6N, STM32G081KBUXN, STM32G0B1CCT6N, STM32G0B1KCT6, STM32G0B1NEY6TR, STM32G0B1RCT6N, STM32G0C1CCT6, STM32G0C1CCT6N, STM32G0C1CCU6N, STM32G0C1CET6N, STM32G0C1CEU6N, STM32G0C1KCT6, STM32G0C1NEY6TR, STM32G0C1RCI6N, STM32G0C1RCT6N, STM32G0C1REI6N, STM32G0C1RET6N, STM32G0C1VCI6, STM32G0C1VEI6, STM32G471CCT6, STM32G471CCU6, STM32G471CET3, STM32G471CET6, STM32G471CEU3, STM32G471CEU6, STM32G471MCT6, STM32G471MET3, STM32G471MET6, STM32G471MEY6TR, STM32G471QCT6, STM32G471QET3, STM32G471RCT6, STM32G471RET3, STM32G471RET6, STM32G471VCH6, STM32G471VCI6, STM32G471VCT6, STM32G471VEH3, STM32G471VEH6, STM32G471VEI3, STM32G471VEI6, STM32G471VET3, STM32G471VET6, STM32G474CCT6, STM32H503CBT6, STM32H503CBU6, STM32H503EBY6TR, STM32H503KBU6, STM32H503RBT6, STM32H562AGI6, STM32H562AII6, STM32H562IGK6, STM32H562IGT6, STM32H562IIK6, STM32H562IIT6, STM32H562RGT6, STM32H562RGV6, STM32H562RIT6, STM32H562RIV6, STM32H562VGT6, STM32H562VIT6, STM32H562ZGT6, STM32H562ZIT6, STM32H563AGI6, STM32H563AII3Q, STM32H563AII6, STM32H563IGK6, STM32H563IGT6, STM32H563IIK3Q, STM32H563IIK6, STM32H563IIT3Q, STM32H563IIT6, STM32H563MIY3QTR, STM32H563RGT6, STM32H563RGV6, STM32H563RIT6, STM32H563RIV6, STM32H563VGT6, STM32H563VIT3Q, STM32H563VIT6, STM32H563ZGT6, STM32H563ZIT3Q, STM32H563ZIT6, STM32H573AII3Q, STM32H573AII6, STM32H573I-DK, STM32H573IIK3Q, STM32H573IIK6, STM32H573IIT3Q, STM32H573IIT6, STM32H573MIY3QTR, STM32H573RIT6, STM32H573RIV6, STM32H573VIT3Q, STM32H573VIT6, STM32H573ZIT3Q, STM32H573ZIT6, STM32L4R5QGI6STR, STM32MP131AAE3, STM32MP131AAF3, STM32MP131AAG3, STM32MP131CAE3, STM32MP131CAF3, STM32MP131CAG3, STM32MP131DAE7, STM32MP131DAF7, STM32MP131DAG7, STM32MP131FAE7, STM32MP131FAF7, STM32MP131FAG7, STM32MP133AAE3, STM32MP133AAF3, STM32MP133AAG3, STM32MP133CAE3, STM32MP133CAF3, STM32MP133CAG3, STM32MP133DAE7, STM32MP133DAF7, STM32MP133DAG7, STM32MP133FAE7, STM32MP133FAF7, STM32MP133FAG7, STM32MP135AAE3, STM32MP135AAF3, STM32MP135AAG3, STM32MP135CAE3, STM32MP135CAF3, STM32MP135CAG3, STM32MP135DAE7, STM32MP135DAF7, STM32MP135DAG7, STM32MP135F-DK, STM32MP135FAE7, STM32MP135FAF7, STM32MP135FAF7T, STM32MP135FAF7U, STM32MP135FAG7, STM32U535CBT6, STM32U535CBT6Q, STM32U535CBU6, STM32U535CBU6Q, STM32U535CCT6, STM32U535CCT6Q, STM32U535CCU6, STM32U535CCU6Q, STM32U535CET6, STM32U535CET6Q, STM32U535CEU6, STM32U535CEU6Q, STM32U535JEY6QTR, STM32U535NCY6QTR, STM32U535NEY6QTR, STM32U535RBI6, STM32U535RBI6Q, STM32U535RBT6, STM32U535RBT6Q, STM32U535RCI6, STM32U535RCI6Q, STM32U535RCT6, STM32U535RCT6Q, STM32U535REI6, STM32U535REI6Q, STM32U535RET6, STM32U535RET6Q, STM32U535VCI6, STM32U535VCI6Q, STM32U535VCT6, STM32U535VCT6Q, STM32U535VEI6, STM32U535VEI6Q, STM32U535VET6, STM32U535VET6Q, STM32U545CET6, STM32U545CET6Q, STM32U545CEU6, STM32U545CEU6Q, STM32U545JEY6QTR, STM32U545NEY6QTR, STM32U545REI6, STM32U545REI6Q, STM32U545RET6, STM32U545RET6Q, STM32U545VEI6, STM32U545VEI6Q, STM32U545VET6, STM32U545VET6Q, STM32U595AIH6, STM32U595AIH6Q, STM32U595AJH6, STM32U595AJH6Q, STM32U595QII6, STM32U595QII6Q, STM32U595QJI6, STM32U595QJI6Q, STM32U595RIT6, STM32U595RIT6Q, STM32U595RJT6, STM32U595RJT6Q, STM32U595VIT6, STM32U595VIT6Q, STM32U595VJT6, STM32U595VJT6Q, STM32U595ZIT6, STM32U595ZIT6Q, STM32U595ZIY6QTR, STM32U595ZJT6, STM32U595ZJT6Q, STM32U595ZJY6QTR, STM32U599BJY6QTR, STM32U599NIH6Q, STM32U599NJH6Q, STM32U599VIT6Q, STM32U599VJT6, STM32U599VJT6Q, STM32U599ZIT6Q, STM32U599ZIY6QTR, STM32U599ZJT6Q, STM32U599ZJY6QTR, STM32U5A5AJH6, STM32U5A5AJH6Q, STM32U5A5QJI6, STM32U5A5QJI6Q, STM32U5A5RJT6, STM32U5A5RJT6Q, STM32U5A5VJT6, STM32U5A5VJT6Q, STM32U5A5ZJT6, STM32U5A5ZJT6Q, STM32U5A5ZJY6QTR, STM32U5A9BJY6QTR, STM32U5A9J-DK, STM32U5A9NJH6Q, STM32U5A9VJT6Q, STM32U5A9ZJT6Q, STM32U5A9ZJY6QTR, STM32U5F7VIT6, STM32U5F7VIT6Q, STM32U5F7VJT6, STM32U5F7VJT6Q, STM32U5F9BJY6QTR, STM32U5F9NJH6Q, STM32U5F9VIT6Q, STM32U5F9VJT6Q, STM32U5F9ZIJ6QTR, STM32U5F9ZIT6Q, STM32U5F9ZJJ6QTR, STM32U5F9ZJT6Q, STM32U5G7VJT6, STM32U5G7VJT6Q, STM32U5G9BJY6QTR, STM32U5G9J-DK1, STM32U5G9J-DK2, STM32U5G9NJH6Q, STM32U5G9VJT6Q, STM32U5G9ZJJ6QTR, STM32U5G9ZJT6Q, STM32WB1MMCH6, STM32WBA52CEU6, STM32WBA52CEU6T, STM32WBA52CGU6, STM32WBA52CGU6T, STM32WBA52KEU6, STM32WBA52KEU6T, STM32WBA52KGU6, STM32WBA52KGU6T, STM32WL5MOCH6, STM32WL5MOCH6TR]
2023-10-17 14:53:24,848 [INFO] DbMcus:217 - Found 3848 MCUs, 3848 are supported
2023-10-17 14:53:24,852 [INFO] ApiDb:423 - Load user favorites file C:\Users\edison/.stm32cubeide/favorites.mcus.txt: 1 item(s)
2023-10-17 14:53:24,852 [INFO] ApiDb:427 - User favorites MCUs=[STM32F401RET6]
2023-10-17 14:53:24,852 [INFO] DbMcus:223 - Set 1 / 1 favorites MCUs
2023-10-17 14:53:25,050 [WARN] ThirdParty:833 - waiting for thirdparty lock release [change project]
2023-10-17 14:53:25,050 [INFO] ThirdParty:835 - entering critical section [change project]
2023-10-17 14:53:25,051 [INFO] ThirdParty:1030 - CMSIS Pack Vendor :STMicroelectronics X-CUBE-ISPU 1.1.0
2023-10-17 14:53:25,051 [INFO] ThirdParty:1030 - CMSIS Pack Vendor :STMicroelectronics USBPD 4.1
2023-10-17 14:53:25,051 [INFO] ThirdParty:1030 - CMSIS Pack Vendor :STMicroelectronics X-CUBE-GNSS1 6.0.0
2023-10-17 14:53:25,051 [INFO] ThirdParty:1030 - CMSIS Pack Vendor :STMicroelectronics USB_HOST 2.0.0
2023-10-17 14:53:25,051 [INFO] ThirdParty:1030 - CMSIS Pack Vendor :STMicroelectronics X-CUBE-AZRTOS-F4 1.1.0
2023-10-17 14:53:25,051 [INFO] ThirdParty:1030 - CMSIS Pack Vendor :STMicroelectronics LIBJPEG 8.0.0
2023-10-17 14:53:25,051 [INFO] ThirdParty:1030 - CMSIS Pack Vendor :wolfSSL I-CUBE-wolfSSL 5.6.3
2023-10-17 14:53:25,051 [INFO] ThirdParty:1030 - CMSIS Pack Vendor :STMicroelectronics X-CUBE-SMBUS 2.1.0
2023-10-17 14:53:25,051 [INFO] ThirdParty:1030 - CMSIS Pack Vendor :STMicroelectronics USB_DEVICE 3.0.0
2023-10-17 14:53:25,051 [INFO] ThirdParty:1030 - CMSIS Pack Vendor :STMicroelectronics X-CUBE-AZRTOS-WB 2.0.0
2023-10-17 14:53:25,051 [INFO] ThirdParty:1030 - CMSIS Pack Vendor :STMicroelectronics X-CUBE-AZRTOS-F7 1.1.0
2023-10-17 14:53:25,051 [INFO] ThirdParty:1030 - CMSIS Pack Vendor :STMicroelectronics X-CUBE-AZRTOS-L5 2.0.0
2023-10-17 14:53:25,051 [INFO] ThirdParty:1030 - CMSIS Pack Vendor :STMicroelectronics USB_DEVICE 2.0.0
2023-10-17 14:53:25,051 [INFO] ThirdParty:1030 - CMSIS Pack Vendor :STMicroelectronics X-CUBE-MEMS1 9.6.0
2023-10-17 14:53:25,051 [INFO] ThirdParty:1030 - CMSIS Pack Vendor :ITTIA_DB I-CUBE-ITTIADB 8.8.0
2023-10-17 14:53:25,051 [INFO] ThirdParty:1030 - CMSIS Pack Vendor :STMicroelectronics FP-SNS-MOTENV1 4.3.2
2023-10-17 14:53:25,051 [INFO] ThirdParty:1030 - CMSIS Pack Vendor :STMicroelectronics X-CUBE-ALGOBUILD 1.3.0
2023-10-17 14:53:25,051 [INFO] ThirdParty:1030 - CMSIS Pack Vendor :STMicroelectronics FreeRTOS 0.0.1
2023-10-17 14:53:25,051 [INFO] ThirdParty:1030 - CMSIS Pack Vendor :STMicroelectronics X-CUBE-AZRTOS-G0 1.1.0
2023-10-17 14:53:25,051 [INFO] ThirdParty:1030 - CMSIS Pack Vendor :STMicroelectronics X-CUBE-BLEMGR 2.0.0
2023-10-17 14:53:25,051 [INFO] ThirdParty:1030 - CMSIS Pack Vendor :STMicroelectronics X-CUBE-NFC4 3.0.0
2023-10-17 14:53:25,051 [INFO] ThirdParty:1030 - CMSIS Pack Vendor :STMicroelectronics X-CUBE-SUBG2 5.0.0
2023-10-17 14:53:25,051 [INFO] ThirdParty:1030 - CMSIS Pack Vendor :STMicroelectronics STM32_WPAN 1.0.0
2023-10-17 14:53:25,051 [INFO] ThirdParty:1030 - CMSIS Pack Vendor :STMicroelectronics lwIP 2.0.3
2023-10-17 14:53:25,051 [INFO] ThirdParty:1030 - CMSIS Pack Vendor :STMicroelectronics FP-SNS-FLIGHT1 5.0.2
2023-10-17 14:53:25,051 [INFO] ThirdParty:1030 - CMSIS Pack Vendor :STMicroelectronics USB_HOST 1.0.0
2023-10-17 14:53:25,051 [INFO] ThirdParty:1030 - CMSIS Pack Vendor :STMicroelectronics X-CUBE-TOF1 3.3.1
2023-10-17 14:53:25,051 [INFO] ThirdParty:1030 - CMSIS Pack Vendor :STMicroelectronics X-CUBE-AZRTOS-G4 2.0.0
2023-10-17 14:53:25,051 [INFO] ThirdParty:1030 - CMSIS Pack Vendor :STMicroelectronics PDM2PCM 3.1.0
2023-10-17 14:53:25,051 [INFO] ThirdParty:1030 - CMSIS Pack Vendor :STMicroelectronics X-CUBE-AZRTOS-H7 3.1.0
2023-10-17 14:53:25,051 [INFO] ThirdParty:1030 - CMSIS Pack Vendor :Infineon AIROC-Wi-Fi-Bluetooth-STM32 1.5.1
2023-10-17 14:53:25,051 [INFO] ThirdParty:1030 - CMSIS Pack Vendor :STMicroelectronics PDM2PCM 3.3.0
2023-10-17 14:53:25,051 [INFO] ThirdParty:1030 - CMSIS Pack Vendor :STMicroelectronics X-CUBE-DISPLAY 3.0.0
2023-10-17 14:53:25,051 [INFO] ThirdParty:1030 - CMSIS Pack Vendor :STMicroelectronics X-CUBE-BLE1 7.0.0
2023-10-17 14:53:25,051 [INFO] ThirdParty:1030 - CMSIS Pack Vendor :STMicroelectronics FP-ATR-SIGFOX1 3.2.0
2023-10-17 14:53:25,051 [INFO] ThirdParty:1030 - CMSIS Pack Vendor :STMicroelectronics HAL Drivers 0.0.0
2023-10-17 14:53:25,051 [INFO] ThirdParty:1030 - CMSIS Pack Vendor :STMicroelectronics MBEDTLS 2.16.2
2023-10-17 14:53:25,052 [INFO] ThirdParty:1030 - CMSIS Pack Vendor :emotas I-CUBE-CANOPEN 1.3.0
2023-10-17 14:53:25,052 [INFO] ThirdParty:1030 - CMSIS Pack Vendor :STMicroelectronics X-CUBE-FREERTOS 1.1.0
2023-10-17 14:53:25,052 [INFO] ThirdParty:1030 - CMSIS Pack Vendor :STMicroelectronics X-CUBE-NFC7 1.0.1
2023-10-17 14:53:25,052 [INFO] ThirdParty:1030 - CMSIS Pack Vendor :STMicroelectronics MBEDTLS 2.14.1
2023-10-17 14:53:25,052 [INFO] ThirdParty:1030 - CMSIS Pack Vendor :STMicroelectronics X-CUBE-TOUCHGFX 4.22.1
2023-10-17 14:53:25,052 [INFO] ThirdParty:1030 - CMSIS Pack Vendor :STMicroelectronics X-CUBE-NFC6 3.0.0
2023-10-17 14:53:25,052 [INFO] ThirdParty:1030 - CMSIS Pack Vendor :STMicroelectronics X-CUBE-EEPRMA1 4.1.0
2023-10-17 14:53:25,052 [INFO] ThirdParty:1030 - CMSIS Pack Vendor :portGmbH I-Cube-SoM-uGOAL 1.1.0
2023-10-17 14:53:25,052 [INFO] ThirdParty:1030 - CMSIS Pack Vendor :STMicroelectronics X-CUBE-ALS 1.0.1
2023-10-17 14:53:25,052 [INFO] ThirdParty:1030 - CMSIS Pack Vendor :STMicroelectronics ThreadX 1.0.0
2023-10-17 14:53:25,052 [INFO] ThirdParty:1030 - CMSIS Pack Vendor :STMicroelectronics FP-SNS-SMARTAG2 1.2.0
2023-10-17 14:53:25,052 [INFO] ThirdParty:1030 - CMSIS Pack Vendor :STMicroelectronics X-CUBE-AZRTOS-WL 2.0.0
2023-10-17 14:53:25,052 [INFO] ThirdParty:1030 - CMSIS Pack Vendor :SEGGER I-CUBE-embOS 1.3.1
2023-10-17 14:53:25,052 [INFO] ThirdParty:1030 - CMSIS Pack Vendor :STMicroelectronics USB_DEVICE 1.0.0
2023-10-17 14:53:25,052 [INFO] ThirdParty:1030 - CMSIS Pack Vendor :STMicroelectronics X-CUBE-AI 8.1.0
2023-10-17 14:53:25,052 [INFO] ThirdParty:1030 - CMSIS Pack Vendor :STMicroelectronics X-CUBE-AZRTOS-L4 2.0.0
2023-10-17 14:53:25,052 [INFO] ThirdParty:1030 - CMSIS Pack Vendor :STMicroelectronics ThreadX 0.0.2
2023-10-17 14:53:25,052 [INFO] ThirdParty:1030 - CMSIS Pack Vendor :WES I-CUBE-Cesium 1.3.0
2023-10-17 14:53:25,052 [INFO] ThirdParty:1030 - CMSIS Pack Vendor :STMicroelectronics FP-ATR-ASTRA1 2.0.0
2023-10-17 14:53:25,052 [INFO] ThirdParty:1030 - CMSIS Pack Vendor :STMicroelectronics lwIP 2.1.2
2023-10-17 14:53:25,052 [INFO] ThirdParty:1030 - CMSIS Pack Vendor :STMicroelectronics X-CUBE-SFXS2LP1 4.0.0
2023-10-17 14:53:25,052 [INFO] ThirdParty:1030 - CMSIS Pack Vendor :STMicroelectronics X-CUBE-BLE2 3.3.0
2023-10-17 14:53:25,052 [INFO] ThirdParty:1030 - CMSIS Pack Vendor :STMicroelectronics PDM2PCM 3.2.0
2023-10-17 14:53:25,052 [INFO] ThirdParty:841 - exiting critical section [change project]
2023-10-17 14:53:25,233 [INFO] PinOutPanel:1499 - setPackage(No Configuration,No Configuration)
2023-10-17 14:53:25,234 [INFO] PinOutPanel:1499 - setPackage(STM32F401RETx,LQFP64)
2023-10-17 14:53:25,539 [INFO] UtilMem:75 - Before build in PCC Used Memory: 436116920 Bytes (545259520)
2023-10-17 14:53:26,191 [INFO] UtilMem:75 - After build in PCC Used Memory: 188602448 Bytes (545259520)
2023-10-17 14:53:26,223 [INFO] IPUIPlugin:80 - create IPUIPlugin
2023-10-17 14:53:26,223 [INFO] IPUIPlugin:80 - create IPUIPlugin
2023-10-17 14:53:26,223 [INFO] IPUIPlugin:80 - create IPUIPlugin
2023-10-17 14:53:26,223 [INFO] IPUIPlugin:80 - create IPUIPlugin
2023-10-17 14:53:26,223 [INFO] IPUIPlugin:80 - create IPUIPlugin
2023-10-17 14:53:26,223 [INFO] IPUIPlugin:80 - create IPUIPlugin
2023-10-17 14:53:26,223 [INFO] IPUIPlugin:80 - create IPUIPlugin
2023-10-17 14:53:26,223 [INFO] IPUIPlugin:80 - create IPUIPlugin
2023-10-17 14:53:26,223 [INFO] IPUIPlugin:80 - create IPUIPlugin
2023-10-17 14:53:26,223 [INFO] IPUIPlugin:80 - create IPUIPlugin
2023-10-17 14:53:26,224 [INFO] IPUIPlugin:80 - create IPUIPlugin
2023-10-17 14:53:26,224 [INFO] IPUIPlugin:80 - create IPUIPlugin
2023-10-17 14:53:26,224 [INFO] IPUIPlugin:80 - create IPUIPlugin
2023-10-17 14:53:26,224 [INFO] IPUIPlugin:80 - create IPUIPlugin
2023-10-17 14:53:26,224 [INFO] IPUIPlugin:80 - create IPUIPlugin
2023-10-17 14:53:26,224 [INFO] IPUIPlugin:80 - create IPUIPlugin
2023-10-17 14:53:26,224 [INFO] IPUIPlugin:80 - create IPUIPlugin
2023-10-17 14:53:26,224 [INFO] IPUIPlugin:80 - create IPUIPlugin
2023-10-17 14:53:26,224 [INFO] IPUIPlugin:80 - create IPUIPlugin
2023-10-17 14:53:26,224 [INFO] IPUIPlugin:80 - create IPUIPlugin
2023-10-17 14:53:26,224 [INFO] IPUIPlugin:80 - create IPUIPlugin
2023-10-17 14:53:26,224 [INFO] IPUIPlugin:80 - create IPUIPlugin
2023-10-17 14:53:26,224 [INFO] IPUIPlugin:80 - create IPUIPlugin
2023-10-17 14:53:26,224 [INFO] IPUIPlugin:80 - create IPUIPlugin
2023-10-17 14:53:26,225 [INFO] IPUIPlugin:80 - create IPUIPlugin
2023-10-17 14:53:26,225 [INFO] IPUIPlugin:80 - create IPUIPlugin
2023-10-17 14:53:26,225 [INFO] IPUIPlugin:80 - create IPUIPlugin
2023-10-17 14:53:26,225 [INFO] IPUIPlugin:80 - create IPUIPlugin
2023-10-17 14:53:26,226 [INFO] IPUIPlugin:80 - create IPUIPlugin
2023-10-17 14:53:26,226 [INFO] IPUIPlugin:80 - create IPUIPlugin
2023-10-17 14:53:26,226 [INFO] IPUIPlugin:80 - create IPUIPlugin
2023-10-17 14:53:26,226 [INFO] IPUIPlugin:80 - create IPUIPlugin
2023-10-17 14:53:26,226 [INFO] IPUIPlugin:80 - create IPUIPlugin
2023-10-17 14:53:26,226 [INFO] IPUIPlugin:80 - create IPUIPlugin
2023-10-17 14:53:26,226 [INFO] IPUIPlugin:80 - create IPUIPlugin
2023-10-17 14:53:26,226 [INFO] IPUIPlugin:80 - create IPUIPlugin
2023-10-17 14:53:26,226 [INFO] IPUIPlugin:80 - create IPUIPlugin
2023-10-17 14:53:26,226 [INFO] IPUIPlugin:80 - create IPUIPlugin
2023-10-17 14:53:26,306 [INFO] ApiDbMcu:507 - Load IP Config File for PDM2PCM
2023-10-17 14:53:26,434 [INFO] CADModel:165 - CPN selected for project levelSTM32F401RET6
2023-10-17 14:53:26,434 [INFO] CADModel:114 - Register for checkConnection events
2023-10-17 14:53:26,484 [INFO] OpenFileManager:328 - Restore cursor
2023-10-17 14:53:57,324 [INFO] I2sManager:658 - 9.6E7
2023-10-17 14:53:57,326 [INFO] I2sManager:195 - I2S Clock Value : 9.6E7
2023-10-17 14:53:57,326 [INFO] I2sManager:553 - AudioClock : 8000Divider : 187Odd : 1
2023-10-17 14:53:57,467 [INFO] I2sManager:658 - 9.6E7
2023-10-17 14:53:57,467 [INFO] I2sManager:195 - I2S Clock Value : 9.6E7
2023-10-17 14:53:57,467 [INFO] I2sManager:553 - AudioClock : 8000Divider : 187Odd : 1
2023-10-17 14:55:46,927 [INFO] I2sManager:658 - 9.6E7
2023-10-17 14:55:46,927 [INFO] I2sManager:195 - I2S Clock Value : 9.6E7
2023-10-17 14:55:46,927 [INFO] I2sManager:553 - AudioClock : 8000Divider : 187Odd : 1
2023-10-17 14:55:46,949 [INFO] I2sManager:658 - 9.6E7
2023-10-17 14:55:46,949 [INFO] I2sManager:195 - I2S Clock Value : 9.6E7
2023-10-17 14:55:46,949 [INFO] I2sManager:553 - AudioClock : 8000Divider : 187Odd : 1
2023-10-17 15:02:11,489 [INFO] UtilMem:75 - End SaveConfig() Used Memory: 246314176 Bytes (545259520)
2023-10-17 15:02:11,540 [INFO] UtilMem:75 - End SaveConfig() Used Memory: 268334272 Bytes (545259520)
2023-10-17 15:02:11,669 [INFO] UtilMem:75 - End SaveConfig() Used Memory: 329151680 Bytes (545259520)
2023-10-17 15:02:11,949 [INFO] BlockDiagram:2759 - set Specific Code input for plugin: NVIC
2023-10-17 15:02:11,949 [INFO] BlockDiagram:2759 - set Specific Code input for plugin: I2S
2023-10-17 15:02:11,949 [INFO] BlockDiagram:2759 - set Specific Code input for plugin: SYS
2023-10-17 15:02:11,950 [INFO] BlockDiagram:2759 - set Specific Code input for plugin: GPIO
2023-10-17 15:02:11,950 [INFO] BlockDiagram:2759 - set Specific Code input for plugin: RCC
2023-10-17 15:02:11,952 [INFO] CodeGenerator:799 - code generatio: config db path: D:\software\stm32cubide\STM32CubeIDE_1.13.2\STM32CubeIDE\plugins\com.st.stm32cube.common.mx_6.9.2.202309101412\\db\
2023-10-17 15:02:12,039 [INFO] CodeEngine:255 - oldGeneratedFile, D:\projects\ST\demo1\demo1\MXTmpFiles\license.tmp_save
2023-10-17 15:02:12,257 [INFO] CodeEngine:279 - Generated code: D:\projects\ST\demo1\demo1\MXTmpFiles\license.tmp
2023-10-17 15:02:12,310 [INFO] CodeEngine:255 - oldGeneratedFile, D:\projects\ST\demo1\demo1\Core\Src\gpio.c_save
2023-10-17 15:02:12,402 [INFO] CodeEngine:279 - Generated code: D:\projects\ST\demo1\demo1\Core\Src\gpio.c
2023-10-17 15:02:12,407 [INFO] CodeEngine:255 - oldGeneratedFile, D:\projects\ST\demo1\demo1\Core\Inc\gpio.h_save
2023-10-17 15:02:12,458 [INFO] CodeEngine:279 - Generated code: D:\projects\ST\demo1\demo1\Core\Inc\gpio.h
2023-10-17 15:02:12,515 [INFO] CodeEngine:255 - oldGeneratedFile, D:\projects\ST\demo1\demo1\Core\Src\i2s.c_save
2023-10-17 15:02:12,611 [INFO] CodeEngine:279 - Generated code: D:\projects\ST\demo1\demo1\Core\Src\i2s.c
2023-10-17 15:02:12,615 [INFO] CodeEngine:255 - oldGeneratedFile, D:\projects\ST\demo1\demo1\Core\Inc\i2s.h_save
2023-10-17 15:02:12,653 [INFO] CodeEngine:279 - Generated code: D:\projects\ST\demo1\demo1\Core\Inc\i2s.h
2023-10-17 15:02:12,659 [INFO] CodeEngine:255 - oldGeneratedFile, D:\projects\ST\demo1\demo1\Core\Src\stm32f4xx_it.c_save
2023-10-17 15:02:12,714 [INFO] CodeEngine:279 - Generated code: D:\projects\ST\demo1\demo1\Core\Src\stm32f4xx_it.c
2023-10-17 15:02:12,719 [INFO] CodeEngine:255 - oldGeneratedFile, D:\projects\ST\demo1\demo1\Core\Inc\stm32f4xx_it.h_save
2023-10-17 15:02:12,752 [INFO] CodeEngine:279 - Generated code: D:\projects\ST\demo1\demo1\Core\Inc\stm32f4xx_it.h
2023-10-17 15:02:12,759 [INFO] CodeEngine:255 - oldGeneratedFile, D:\projects\ST\demo1\demo1\Core\Src\stm32f4xx_hal_msp.c_save
2023-10-17 15:02:12,799 [INFO] CodeEngine:279 - Generated code: D:\projects\ST\demo1\demo1\Core\Src\stm32f4xx_hal_msp.c
2023-10-17 15:02:12,801 [INFO] CodeEngine:255 - oldGeneratedFile, D:\projects\ST\demo1\demo1\MXTmpFiles\system.tmp_save
2023-10-17 15:02:12,826 [INFO] CodeEngine:279 - Generated code: D:\projects\ST\demo1\demo1\MXTmpFiles\system.tmp
2023-10-17 15:02:12,831 [INFO] CodeEngine:311 - oldGeneratedFile, D:\projects\ST\demo1\demo1\Core\Inc\stm32f4xx_hal_conf.h_save
2023-10-17 15:02:12,876 [INFO] CodeEngine:335 - Generated code: D:\projects\ST\demo1\demo1\Core\Inc\stm32f4xx_hal_conf.h
2023-10-17 15:02:12,902 [INFO] CodeEngine:255 - oldGeneratedFile, D:\projects\ST\demo1\demo1\Core\Inc\main.h_save
2023-10-17 15:02:12,947 [INFO] CodeEngine:279 - Generated code: D:\projects\ST\demo1\demo1\Core\Inc\main.h
2023-10-17 15:02:12,952 [INFO] CodeEngine:255 - oldGeneratedFile, D:\projects\ST\demo1\demo1\Core\Src\main.c_save
2023-10-17 15:02:13,025 [INFO] CodeEngine:279 - Generated code: D:\projects\ST\demo1\demo1\Core\Src\main.c
2023-10-17 15:02:13,455 [INFO] ProjectBuilder:3064 - Time for Copy HAL[1] : 144mS.
2023-10-17 15:02:13,458 [INFO] ProjectBuilder:4404 - Project Generator version: 4.1.0
2023-10-17 15:02:13,592 [INFO] ConfigFileManager:1457 - The Die is : DIE433
2023-10-17 15:02:13,596 [INFO] ApiDbMcu:507 - Load IP Config File for FATFS
2023-10-17 15:02:13,600 [INFO] ApiDbMcu:507 - Load IP Config File for FREERTOS
2023-10-17 15:02:13,602 [INFO] ApiDbMcu:507 - Load IP Config File for LIBJPEG
2023-10-17 15:02:13,606 [INFO] ApiDbMcu:507 - Load IP Config File for MBEDTLS
2023-10-17 15:02:13,610 [INFO] ApiDbMcu:507 - Load IP Config File for USB_DEVICE
2023-10-17 15:02:13,612 [INFO] ApiDbMcu:507 - Load IP Config File for USB_HOST
2023-10-17 15:02:13,970 [INFO] LogOutputStream:77 - [STDOUT_REDIRECT] 
2023-10-17 15:02:14,678 [INFO] ProjectBuilder:4626 - Time for Generating toolchain IDE Files: 1219mS.
2023-10-17 15:02:14,679 [INFO] ProjectBuilder:2935 - Time for Copy CMSIS : 0mS.
2023-10-17 15:02:14,681 [INFO] ProjectBuilder:2935 - Time for Copy CMSIS : 0mS.
2023-10-17 15:16:58,881 [INFO] Activator:176 - 


2023-10-17 15:16:58,882 [INFO] Activator:177 - !SESSION log4j initialized
2023-10-17 15:17:02,204 [INFO] LogOutputStream:77 - [STDOUT_REDIRECT] 
2023-10-17 15:17:05,010 [INFO] ApplicationProperties:184 - Using Application install path: D:\software\stm32cubide\STM32CubeIDE_1.13.2\STM32CubeIDE\plugins\com.st.stm32cube.common.mx_6.9.2.202309101412
2023-10-17 15:17:05,022 [INFO] DbMcusXml:78 - Set database path to: D:\software\stm32cubide\STM32CubeIDE_1.13.2\STM32CubeIDE\plugins\com.st.stm32cube.common.mx_6.9.2.202309101412\\db\/mcu/
2023-10-17 15:17:05,022 [INFO] ApiDb:274 - Set plugin database path to: D:\software\stm32cubide\STM32CubeIDE_1.13.2\STM32CubeIDE\plugins\com.st.stm32cube.common.mx_6.9.2.202309101412\\db\/plugins/boardmanager/
2023-10-17 15:17:05,022 [WARN] ApiDb:259 - Overriding images path with different value:  => D:\software\stm32cubide\STM32CubeIDE_1.13.2\STM32CubeIDE\plugins\com.st.stm32cube.common.mx_6.9.2.202309101412\\db\/plugins/mcufinder/images/
2023-10-17 15:17:05,027 [INFO] ApiDb:250 - Set database path to: C:\Users\edison\.stmcufinder\plugins\mcufinder//mcu/
2023-10-17 15:17:05,028 [INFO] DbMcusAds:125 - Set database path to: C:\Users\edison\.stmcufinder\plugins\mcufinder//mcu/
2023-10-17 15:17:05,029 [INFO] CrossReferenceDbSqlite:203 - Set database path to: C:\Users\edison\.stmcufinder\plugins\mcufinder//mcu/cs/
2023-10-17 15:17:05,099 [INFO] RulesReader:64 - Compatibility file has been processed (293 Rules)
2023-10-17 15:17:05,233 [INFO] DbMcusXml:78 - Set database path to: D:\software\stm32cubide\STM32CubeIDE_1.13.2\STM32CubeIDE\plugins\com.st.stm32cube.common.mx_6.9.2.202309101412\\db\/mcu/
2023-10-17 15:17:05,233 [INFO] ApiDb:274 - Set plugin database path to: D:\software\stm32cubide\STM32CubeIDE_1.13.2\STM32CubeIDE\plugins\com.st.stm32cube.common.mx_6.9.2.202309101412\\db\/plugins/boardmanager/
2023-10-17 15:17:05,234 [INFO] ApiDb:261 - Set plugin images path to: D:\software\stm32cubide\STM32CubeIDE_1.13.2\STM32CubeIDE\plugins\com.st.stm32cube.common.mx_6.9.2.202309101412\\db\/plugins/mcufinder/images/
2023-10-17 15:17:05,234 [WARN] DbFile:41 - Overriding database path with different value: C:\Users\edison\.stmcufinder\plugins\mcufinder/ => C:\Users\edison\.stmcufinder\plugins\mcufinder
2023-10-17 15:17:05,234 [INFO] ApiDb:250 - Set database path to: C:\Users\edison\.stmcufinder\plugins\mcufinder//mcu/
2023-10-17 15:17:05,235 [WARN] DbFile:41 - Overriding database path with different value: C:\Users\edison\.stmcufinder\plugins\mcufinder/ => C:\Users\edison\.stmcufinder\plugins\mcufinder
2023-10-17 15:17:05,235 [INFO] DbMcusAds:125 - Set database path to: C:\Users\edison\.stmcufinder\plugins\mcufinder//mcu/
2023-10-17 15:17:05,235 [WARN] DbFile:41 - Overriding database path with different value: C:\Users\edison\.stmcufinder\plugins\mcufinder/ => C:\Users\edison\.stmcufinder\plugins\mcufinder
2023-10-17 15:17:05,235 [WARN] DbFile:41 - Overriding database path with different value: C:\Users\edison\.stmcufinder\plugins\mcufinder/ => C:\Users\edison\.stmcufinder\plugins\mcufinder
2023-10-17 15:17:05,235 [INFO] CrossReferenceDbSqlite:203 - Set database path to: C:\Users\edison\.stmcufinder\plugins\mcufinder//mcu/cs/
2023-10-17 15:17:05,283 [INFO] MainPanel:262 - HeapMemory: 268435456
2023-10-17 15:17:05,327 [INFO] DbMcusXml:78 - Set database path to: D:\software\stm32cubide\STM32CubeIDE_1.13.2\STM32CubeIDE\plugins\com.st.stm32cube.common.mx_6.9.2.202309101412\\db\/mcu/
2023-10-17 15:17:05,327 [INFO] ApiDb:274 - Set plugin database path to: D:\software\stm32cubide\STM32CubeIDE_1.13.2\STM32CubeIDE\plugins\com.st.stm32cube.common.mx_6.9.2.202309101412\\db\/plugins/boardmanager/
2023-10-17 15:17:05,327 [INFO] ApiDb:261 - Set plugin images path to: D:\software\stm32cubide\STM32CubeIDE_1.13.2\STM32CubeIDE\plugins\com.st.stm32cube.common.mx_6.9.2.202309101412\\db\/plugins/mcufinder/images/
2023-10-17 15:17:05,327 [WARN] DbFile:41 - Overriding database path with different value: C:\Users\edison\.stmcufinder\plugins\mcufinder/ => C:\Users\edison\.stmcufinder\plugins\mcufinder
2023-10-17 15:17:05,327 [INFO] ApiDb:250 - Set database path to: C:\Users\edison\.stmcufinder\plugins\mcufinder//mcu/
2023-10-17 15:17:05,327 [WARN] DbFile:41 - Overriding database path with different value: C:\Users\edison\.stmcufinder\plugins\mcufinder/ => C:\Users\edison\.stmcufinder\plugins\mcufinder
2023-10-17 15:17:05,327 [INFO] DbMcusAds:125 - Set database path to: C:\Users\edison\.stmcufinder\plugins\mcufinder//mcu/
2023-10-17 15:17:05,327 [WARN] DbFile:41 - Overriding database path with different value: C:\Users\edison\.stmcufinder\plugins\mcufinder/ => C:\Users\edison\.stmcufinder\plugins\mcufinder
2023-10-17 15:17:05,327 [WARN] DbFile:41 - Overriding database path with different value: C:\Users\edison\.stmcufinder\plugins\mcufinder/ => C:\Users\edison\.stmcufinder\plugins\mcufinder
2023-10-17 15:17:05,327 [INFO] CrossReferenceDbSqlite:203 - Set database path to: C:\Users\edison\.stmcufinder\plugins\mcufinder//mcu/cs/
2023-10-17 15:17:05,338 [INFO] ApplicationProperties:184 - Using Application install path: D:\software\stm32cubide\STM32CubeIDE_1.13.2\STM32CubeIDE\plugins\com.st.stm32cube.common.mx_6.9.2.202309101412
2023-10-17 15:17:05,339 [INFO] PluginManage:196 - Search for loadable plugins [exclusion list=, ]
2023-10-17 15:17:05,339 [INFO] PluginManage:310 - Check plugin analytics
2023-10-17 15:17:05,441 [INFO] AnalyticsPlugin:253 - Accepted Software Licenses: 
2023-10-17 15:17:05,441 [INFO] AnalyticsPlugin:255 - Accepted CMSIS Pack Licenses: 
2023-10-17 15:17:05,441 [INFO] AnalyticsPlugin:257 - Accepted Firmware Licenses: FW.F4.1.27.0
2023-10-17 15:17:05,445 [INFO] PluginManage:359 - Loaded plugin analytics (category:tool,tabindex:-1)
2023-10-17 15:17:05,445 [INFO] PluginManage:310 - Check plugin cadmodel
2023-10-17 15:17:05,449 [INFO] CADModel:105 - Init CAD model plugin
2023-10-17 15:17:05,449 [INFO] PluginManage:359 - Loaded plugin cadmodel (category:power,tabindex:5)
2023-10-17 15:17:05,449 [INFO] PluginManage:310 - Check plugin clock
2023-10-17 15:17:05,455 [INFO] PluginManage:359 - Loaded plugin clock (category:base,tabindex:2)
2023-10-17 15:17:05,456 [INFO] PluginManage:310 - Check plugin ddr
2023-10-17 15:17:05,457 [INFO] PluginManage:359 - Loaded plugin ddr (category:tool,tabindex:6)
2023-10-17 15:17:05,457 [INFO] PluginManage:310 - Check plugin filemanager
2023-10-17 15:17:05,546 [INFO] PluginManage:359 - Loaded plugin filemanager (category:base,tabindex:10)
2023-10-17 15:17:05,547 [INFO] PluginManage:310 - Check plugin ipmanager
2023-10-17 15:17:05,553 [INFO] PluginManage:359 - Loaded plugin ipmanager (category:base,tabindex:5)
2023-10-17 15:17:05,554 [INFO] PluginManage:310 - Check plugin lpbam
2023-10-17 15:17:05,560 [INFO] PluginManage:359 - Loaded plugin lpbam (category:base,tabindex:0)
2023-10-17 15:17:05,560 [INFO] PluginManage:310 - Check plugin memorymap
2023-10-17 15:17:05,569 [INFO] PluginManage:359 - Loaded plugin memorymap (category:base,tabindex:4)
2023-10-17 15:17:05,569 [INFO] PluginManage:310 - Check plugin pinoutandconfiguration
2023-10-17 15:17:05,574 [INFO] PluginManage:359 - Loaded plugin pinoutandconfiguration (category:base,tabindex:1)
2023-10-17 15:17:05,574 [INFO] PluginManage:310 - Check plugin pinoutconfig
2023-10-17 15:17:05,631 [WARN] SupportedApi:132 - Cannot load RTOS API schema: s4s-elt-must-match.1: The content of 'definitions' must match (annotation?, (simpleType | complexType)?, (unique | key | keyref)*)). A problem was found starting at: attribute.
2023-10-17 15:17:05,709 [INFO] PluginManage:359 - Loaded plugin pinoutconfig (category:base,tabindex:0)
2023-10-17 15:17:05,709 [INFO] PluginManage:310 - Check plugin power
2023-10-17 15:17:05,716 [INFO] PluginManage:359 - Loaded plugin power (category:power,tabindex:4)
2023-10-17 15:17:05,716 [INFO] PluginManage:310 - Check plugin projectmanager
2023-10-17 15:17:05,726 [INFO] PluginManage:359 - Loaded plugin projectmanager (category:projectmanager,tabindex:3)
2023-10-17 15:17:05,726 [INFO] PluginManage:310 - Check plugin thirdparty
2023-10-17 15:17:05,802 [INFO] PluginManage:359 - Loaded plugin thirdparty (category:base,tabindex:-1)
2023-10-17 15:17:05,802 [INFO] PluginManage:310 - Check plugin tools
2023-10-17 15:17:05,802 [WARN] IntegrityCheckThread:84 - waiting for thirdparty lock release [integrity check]
2023-10-17 15:17:05,802 [INFO] IntegrityCheckThread:86 - entering critical section [integrity check]
2023-10-17 15:17:05,803 [INFO] ThirdPartyUpdaterWithRetryManager:70 - Updater plugin not ready yet. [1/15]
2023-10-17 15:17:05,804 [INFO] PluginManage:359 - Loaded plugin tools (category:base,tabindex:7)
2023-10-17 15:17:05,806 [INFO] PluginManage:310 - Check plugin tutovideos
2023-10-17 15:17:05,948 [INFO] PluginManage:359 - Loaded plugin tutovideos (category:base,tabindex:-1)
2023-10-17 15:17:05,948 [INFO] PluginManage:310 - Check plugin updater
2023-10-17 15:17:05,957 [INFO] PluginManage:359 - Loaded plugin updater (category:base,tabindex:12)
2023-10-17 15:17:05,957 [INFO] PluginManage:310 - Check plugin userauth
2023-10-17 15:17:05,964 [INFO] UserAuth:113 - Init User Auth plugin
2023-10-17 15:17:05,965 [INFO] PluginManage:359 - Loaded plugin userauth (category:base,tabindex:14)
2023-10-17 15:17:05,966 [INFO] PluginManage:283 - PluginManage : Loaded plugins [17]
2023-10-17 15:17:06,147 [INFO] PinOutPanel:1499 - setPackage(No Configuration,No Configuration)
2023-10-17 15:17:06,247 [INFO] CADModel:165 - CPN selected for project level
2023-10-17 15:17:06,247 [INFO] CADModel:114 - Register for checkConnection events
2023-10-17 15:17:06,264 [INFO] IPUIPlugin:80 - create IPUIPlugin
2023-10-17 15:17:06,264 [INFO] PluginManager:220 - loadIPPluginJar : add adc
2023-10-17 15:17:06,264 [INFO] IPUIPlugin:80 - create IPUIPlugin
2023-10-17 15:17:06,264 [INFO] PluginManager:220 - loadIPPluginJar : add aes
2023-10-17 15:17:06,264 [INFO] IPUIPlugin:80 - create IPUIPlugin
2023-10-17 15:17:06,264 [INFO] PluginManager:220 - loadIPPluginJar : add can
2023-10-17 15:17:06,264 [INFO] IPUIPlugin:80 - create IPUIPlugin
2023-10-17 15:17:06,264 [INFO] PluginManager:220 - loadIPPluginJar : add comp
2023-10-17 15:17:06,279 [INFO] IPUIPlugin:80 - create IPUIPlugin
2023-10-17 15:17:06,279 [INFO] PluginManager:220 - loadIPPluginJar : add cryp
2023-10-17 15:17:06,280 [INFO] IPUIPlugin:80 - create IPUIPlugin
2023-10-17 15:17:06,280 [INFO] PluginManager:220 - loadIPPluginJar : add dfsdm
2023-10-17 15:17:06,285 [INFO] IPUIPlugin:80 - create IPUIPlugin
2023-10-17 15:17:06,285 [INFO] PluginManager:220 - loadIPPluginJar : add dma
2023-10-17 15:17:06,285 [INFO] IPUIPlugin:80 - create IPUIPlugin
2023-10-17 15:17:06,285 [INFO] PluginManager:220 - loadIPPluginJar : add dma3
2023-10-17 15:17:06,285 [INFO] IPUIPlugin:80 - create IPUIPlugin
2023-10-17 15:17:06,285 [INFO] PluginManager:220 - loadIPPluginJar : add fatfs
2023-10-17 15:17:06,285 [INFO] IPUIPlugin:80 - create IPUIPlugin
2023-10-17 15:17:06,285 [INFO] PluginManager:220 - loadIPPluginJar : add fmc
2023-10-17 15:17:06,297 [INFO] IPUIPlugin:80 - create IPUIPlugin
2023-10-17 15:17:06,297 [INFO] PluginManager:220 - loadIPPluginJar : add freertos
2023-10-17 15:17:06,297 [INFO] IPUIPlugin:80 - create IPUIPlugin
2023-10-17 15:17:06,297 [INFO] PluginManager:220 - loadIPPluginJar : add genericplugin
2023-10-17 15:17:06,297 [INFO] IPUIPlugin:80 - create IPUIPlugin
2023-10-17 15:17:06,297 [INFO] PluginManager:220 - loadIPPluginJar : add gfxmmu
2023-10-17 15:17:06,300 [INFO] IPUIPlugin:80 - create IPUIPlugin
2023-10-17 15:17:06,300 [INFO] PluginManager:220 - loadIPPluginJar : add gic
2023-10-17 15:17:06,300 [INFO] IPUIPlugin:80 - create IPUIPlugin
2023-10-17 15:17:06,300 [INFO] PluginManager:220 - loadIPPluginJar : add gpio
2023-10-17 15:17:06,300 [INFO] IPUIPlugin:80 - create IPUIPlugin
2023-10-17 15:17:06,300 [INFO] PluginManager:220 - loadIPPluginJar : add gtzc
2023-10-17 15:17:06,300 [INFO] IPUIPlugin:80 - create IPUIPlugin
2023-10-17 15:17:06,300 [INFO] PluginManager:220 - loadIPPluginJar : add hash
2023-10-17 15:17:06,300 [INFO] IPUIPlugin:80 - create IPUIPlugin
2023-10-17 15:17:06,300 [INFO] PluginManager:220 - loadIPPluginJar : add i2c
2023-10-17 15:17:06,300 [INFO] IPUIPlugin:80 - create IPUIPlugin
2023-10-17 15:17:06,300 [INFO] PluginManager:220 - loadIPPluginJar : add i2s
2023-10-17 15:17:06,312 [INFO] IPUIPlugin:80 - create IPUIPlugin
2023-10-17 15:17:06,312 [INFO] PluginManager:220 - loadIPPluginJar : add i3c
2023-10-17 15:17:06,314 [INFO] IPUIPlugin:80 - create IPUIPlugin
2023-10-17 15:17:06,314 [INFO] PluginManager:220 - loadIPPluginJar : add ipddr
2023-10-17 15:17:06,314 [INFO] IPUIPlugin:80 - create IPUIPlugin
2023-10-17 15:17:06,314 [INFO] PluginManager:220 - loadIPPluginJar : add linkedlist
2023-10-17 15:17:06,314 [INFO] IPUIPlugin:80 - create IPUIPlugin
2023-10-17 15:17:06,314 [INFO] PluginManager:220 - loadIPPluginJar : add lorawan
2023-10-17 15:17:06,314 [INFO] IPUIPlugin:80 - create IPUIPlugin
2023-10-17 15:17:06,314 [INFO] PluginManager:220 - loadIPPluginJar : add ltdc
2023-10-17 15:17:06,314 [INFO] IPUIPlugin:80 - create IPUIPlugin
2023-10-17 15:17:06,314 [INFO] PluginManager:220 - loadIPPluginJar : add mdma
2023-10-17 15:17:06,330 [INFO] IPUIPlugin:80 - create IPUIPlugin
2023-10-17 15:17:06,330 [INFO] PluginManager:220 - loadIPPluginJar : add nvic
2023-10-17 15:17:06,330 [INFO] IPUIPlugin:80 - create IPUIPlugin
2023-10-17 15:17:06,330 [INFO] PluginManager:220 - loadIPPluginJar : add opamp
2023-10-17 15:17:06,330 [INFO] IPUIPlugin:80 - create IPUIPlugin
2023-10-17 15:17:06,330 [INFO] PluginManager:220 - loadIPPluginJar : add openamp
2023-10-17 15:17:06,330 [INFO] IPUIPlugin:80 - create IPUIPlugin
2023-10-17 15:17:06,330 [INFO] PluginManager:220 - loadIPPluginJar : add pdm2pcm
2023-10-17 15:17:06,330 [INFO] IPUIPlugin:80 - create IPUIPlugin
2023-10-17 15:17:06,345 [INFO] PluginManager:220 - loadIPPluginJar : add plateformsettings
2023-10-17 15:17:06,347 [INFO] IPUIPlugin:80 - create IPUIPlugin
2023-10-17 15:17:06,347 [INFO] PluginManager:220 - loadIPPluginJar : add quadspi
2023-10-17 15:17:06,348 [INFO] IPUIPlugin:80 - create IPUIPlugin
2023-10-17 15:17:06,348 [INFO] PluginManager:220 - loadIPPluginJar : add resmgrutility
2023-10-17 15:17:06,348 [INFO] IPUIPlugin:80 - create IPUIPlugin
2023-10-17 15:17:06,348 [INFO] PluginManager:220 - loadIPPluginJar : add sai
2023-10-17 15:17:06,348 [INFO] IPUIPlugin:80 - create IPUIPlugin
2023-10-17 15:17:06,348 [INFO] PluginManager:220 - loadIPPluginJar : add spi
2023-10-17 15:17:06,348 [INFO] IPUIPlugin:80 - create IPUIPlugin
2023-10-17 15:17:06,348 [INFO] PluginManager:220 - loadIPPluginJar : add stm32_wpan
2023-10-17 15:17:06,363 [INFO] IPUIPlugin:80 - create IPUIPlugin
2023-10-17 15:17:06,363 [INFO] PluginManager:220 - loadIPPluginJar : add tim
2023-10-17 15:17:06,366 [INFO] IPUIPlugin:80 - create IPUIPlugin
2023-10-17 15:17:06,366 [INFO] PluginManager:220 - loadIPPluginJar : add touchsensing
2023-10-17 15:17:06,367 [INFO] IPUIPlugin:80 - create IPUIPlugin
2023-10-17 15:17:06,367 [INFO] PluginManager:220 - loadIPPluginJar : add tracer_emb
2023-10-17 15:17:06,369 [INFO] IPUIPlugin:80 - create IPUIPlugin
2023-10-17 15:17:06,369 [INFO] PluginManager:220 - loadIPPluginJar : add ts
2023-10-17 15:17:06,369 [INFO] IPUIPlugin:80 - create IPUIPlugin
2023-10-17 15:17:06,370 [INFO] PluginManager:220 - loadIPPluginJar : add tsc
2023-10-17 15:17:06,378 [INFO] IPUIPlugin:80 - create IPUIPlugin
2023-10-17 15:17:06,379 [INFO] PluginManager:220 - loadIPPluginJar : add ucpd
2023-10-17 15:17:06,387 [INFO] IPUIPlugin:80 - create IPUIPlugin
2023-10-17 15:17:06,387 [INFO] PluginManager:220 - loadIPPluginJar : add usart
2023-10-17 15:17:06,387 [INFO] IPUIPlugin:80 - create IPUIPlugin
2023-10-17 15:17:06,387 [INFO] PluginManager:220 - loadIPPluginJar : add usbx
2023-10-17 15:17:06,525 [INFO] CADModel:165 - CPN selected for project level
2023-10-17 15:17:06,525 [INFO] CADModel:114 - Register for checkConnection events
2023-10-17 15:17:06,525 [FATAL] Updater:308 - Updater called before beeing initialized
2023-10-17 15:17:06,525 [ERROR] CADModel:125 - Updater not yet initialized, retry later 
2023-10-17 15:17:06,646 [INFO] CADModel:165 - CPN selected for project level
2023-10-17 15:17:06,646 [INFO] CADModel:114 - Register for checkConnection events
2023-10-17 15:17:06,646 [FATAL] Updater:308 - Updater called before beeing initialized
2023-10-17 15:17:06,647 [ERROR] CADModel:125 - Updater not yet initialized, retry later 
2023-10-17 15:17:06,649 [FATAL] Updater:308 - Updater called before beeing initialized
2023-10-17 15:17:06,726 [FATAL] Updater:308 - Updater called before beeing initialized
2023-10-17 15:17:06,730 [INFO] DbMcusAds:53 - JSON generation date=Tue Mar 07 16:50:55 CST 2023 (1678179055114)
2023-10-17 15:17:06,730 [FATAL] Updater:308 - Updater called before beeing initialized
2023-10-17 15:17:06,748 [WARN] DetailPanel:346 - Failed to get advertising image, set to default
2023-10-17 15:17:06,832 [FATAL] Updater:308 - Updater called before beeing initialized
2023-10-17 15:17:06,832 [FATAL] Updater:308 - Updater called before beeing initialized
2023-10-17 15:17:06,832 [FATAL] Updater:308 - Updater called before beeing initialized
2023-10-17 15:17:06,832 [WARN] DetailPanel:346 - Failed to get advertising image, set to default
2023-10-17 15:17:06,846 [FATAL] Updater:308 - Updater called before beeing initialized
2023-10-17 15:17:06,881 [ERROR] Updater:1120 - MainUpdater not yet initialized. External WinMGr cannot be set.
2023-10-17 15:17:06,881 [INFO] Updater:1056 - Updater Version found : 6.9.2
2023-10-17 15:17:06,913 [INFO] ApplicationProperties:184 - Using Application install path: D:\software\stm32cubide\STM32CubeIDE_1.13.2\STM32CubeIDE\plugins\com.st.stm32cube.common.mx_6.9.2.202309101412
2023-10-17 15:17:07,031 [INFO] MainUpdater:2868 - connection check result : 10
2023-10-17 15:17:07,031 [INFO] MainUpdater:285 - Updater Check For Update Now.
2023-10-17 15:17:07,031 [INFO] MicroXplorer:498 - Change Database Version : DB.6.0.92
2023-10-17 15:17:07,041 [INFO] McuFinderGlobals:63 - Set McuFinder mode to 2 (CubeIDE integrated)
2023-10-17 15:17:07,198 [INFO] CheckServerUpdateThread:120 - End of CheckServer Thread
2023-10-17 15:17:08,892 [WARN] PackLoader:240 - Cannot read IP mode file for STMicroelectronics.X-CUBE-SMBUS.2.1.0
2023-10-17 15:17:08,910 [WARN] PackLoader:240 - Cannot read IP mode file for STMicroelectronics.X-CUBE-AZRTOS-F7.1.1.0
2023-10-17 15:17:08,919 [WARN] PackLoader:240 - Cannot read IP mode file for STMicroelectronics.FP-SNS-MOTENV1.4.3.2
2023-10-17 15:17:08,925 [WARN] PackLoader:240 - Cannot read IP mode file for STMicroelectronics.FP-SNS-FLIGHT1.5.0.2
2023-10-17 15:17:08,931 [WARN] PackLoader:240 - Cannot read IP mode file for STMicroelectronics.X-CUBE-DISPLAY.3.0.0
2023-10-17 15:17:08,940 [WARN] PackLoader:240 - Cannot read IP mode file for STMicroelectronics.X-CUBE-BLE1.7.0.0
2023-10-17 15:17:08,944 [WARN] PackLoader:240 - Cannot read IP mode file for emotas.I-CUBE-CANOPEN.1.3.0
2023-10-17 15:17:08,949 [WARN] PackLoader:240 - Cannot read IP mode file for STMicroelectronics.X-CUBE-TOUCHGFX.4.22.1
2023-10-17 15:17:08,952 [WARN] PackLoader:240 - Cannot read IP mode file for STMicroelectronics.FP-SNS-SMARTAG2.1.2.0
2023-10-17 15:17:08,959 [INFO] LogOutputStream:77 - [STDOUT_REDIRECT] 1 : Invalid condition id : UX_CORESTACK_Condition cause : null
2023-10-17 15:17:08,959 [INFO] LogOutputStream:77 - [STDOUT_REDIRECT] 1 : Invalid condition id : UX_CORESTACK_Condition cause : null
2023-10-17 15:17:08,960 [INFO] LogOutputStream:77 - [STDOUT_REDIRECT] 1 : Invalid condition id : UX_CORESTACK_Condition cause : null
2023-10-17 15:17:08,960 [INFO] LogOutputStream:77 - [STDOUT_REDIRECT] 1 : Invalid condition id : UX_CORESTACK_Condition cause : null
2023-10-17 15:17:08,962 [INFO] LogOutputStream:77 - [STDOUT_REDIRECT] 1 : Invalid condition id : UX_CORESTACK_Condition cause : null
2023-10-17 15:17:08,963 [WARN] PackLoader:240 - Cannot read IP mode file for STMicroelectronics.X-CUBE-AZRTOS-WL.2.0.0
2023-10-17 15:17:08,970 [WARN] PackLoader:240 - Cannot read IP mode file for WES.I-CUBE-Cesium.1.3.0
2023-10-17 15:17:08,974 [WARN] PackLoader:240 - Cannot read IP mode file for STMicroelectronics.X-CUBE-BLE2.3.3.0
2023-10-17 15:17:08,977 [WARN] PackLoader:240 - Cannot read IP mode file for STMicroelectronics.X-CUBE-ALGOBUILD.1.3.0
2023-10-17 15:17:08,987 [WARN] PackLoader:240 - Cannot read IP mode file for STMicroelectronics.X-CUBE-AZRTOS-G0.1.1.0
2023-10-17 15:17:08,991 [WARN] PackLoader:240 - Cannot read IP mode file for STMicroelectronics.X-CUBE-NFC4.3.0.0
2023-10-17 15:17:08,994 [WARN] PackLoader:240 - Cannot read IP mode file for STMicroelectronics.FP-ATR-SIGFOX1.3.2.0
2023-10-17 15:17:09,009 [WARN] PackLoader:240 - Cannot read IP mode file for SEGGER.I-CUBE-embOS.1.3.1
2023-10-17 15:17:09,036 [WARN] PackLoader:240 - Cannot read IP mode file for STMicroelectronics.X-CUBE-GNSS1.6.0.0
2023-10-17 15:17:09,046 [WARN] PackLoader:240 - Cannot read IP mode file for STMicroelectronics.X-CUBE-AZRTOS-F4.1.1.0
2023-10-17 15:17:09,052 [WARN] PackLoader:240 - Cannot read IP mode file for wolfSSL.I-CUBE-wolfSSL.5.6.3
2023-10-17 15:17:09,061 [WARN] PackLoader:240 - Cannot read IP mode file for STMicroelectronics.X-CUBE-AZRTOS-L5.2.0.0
2023-10-17 15:17:09,082 [WARN] PackLoader:240 - Cannot read IP mode file for STMicroelectronics.X-CUBE-MEMS1.9.6.0
2023-10-17 15:17:09,174 [WARN] PackLoader:240 - Cannot read IP mode file for ITTIA_DB.I-CUBE-ITTIADB.8.8.0
2023-10-17 15:17:09,190 [WARN] PackLoader:240 - Cannot read IP mode file for STMicroelectronics.X-CUBE-BLEMGR.2.0.0
2023-10-17 15:17:09,199 [WARN] ConditionMgr:438 - getConditionDescription Invalid condition id : UX DEVICE CLASS RTOS Condition cause : null
2023-10-17 15:17:09,200 [WARN] ConditionMgr:438 - getConditionDescription Invalid condition id : UX DEVICE CLASS RTOS Condition cause : null
2023-10-17 15:17:09,201 [WARN] PackLoader:240 - Cannot read IP mode file for STMicroelectronics.X-CUBE-AZRTOS-H7.3.1.0
2023-10-17 15:17:09,202 [WARN] ConditionMgr:1039 - genDependencies : Invalid condition id : UX DEVICE CLASS RTOS Condition cause : null
2023-10-17 15:17:09,202 [WARN] ConditionMgr:1039 - genDependencies : Invalid condition id : UX DEVICE CLASS RTOS Condition cause : null
2023-10-17 15:17:09,202 [WARN] ConditionMgr:1039 - genDependencies : Invalid condition id : UX DEVICE CLASS RTOS Condition cause : null
2023-10-17 15:17:09,202 [WARN] ConditionMgr:1039 - genDependencies : Invalid condition id : UX DEVICE CLASS RTOS Condition cause : null
2023-10-17 15:17:09,202 [WARN] ConditionMgr:1039 - genDependencies : Invalid condition id : UX DEVICE CLASS RTOS Condition cause : null
2023-10-17 15:17:09,207 [WARN] PackLoader:240 - Cannot read IP mode file for STMicroelectronics.X-CUBE-NFC7.1.0.1
2023-10-17 15:17:09,212 [WARN] PackLoader:240 - Cannot read IP mode file for STMicroelectronics.X-CUBE-NFC6.3.0.0
2023-10-17 15:17:09,217 [WARN] PackLoader:240 - Cannot read IP mode file for STMicroelectronics.X-CUBE-EEPRMA1.4.1.0
2023-10-17 15:17:09,222 [WARN] PackLoader:240 - Cannot read IP mode file for STMicroelectronics.X-CUBE-AI.8.1.0
2023-10-17 15:17:09,230 [WARN] ConditionMgr:438 - getConditionDescription Invalid condition id : LAN8742 Phy interface Condition cause : null
2023-10-17 15:17:09,230 [WARN] PackLoader:240 - Cannot read IP mode file for STMicroelectronics.X-CUBE-AZRTOS-L4.2.0.0
2023-10-17 15:17:09,230 [WARN] ConditionMgr:1039 - genDependencies : Invalid condition id : LAN8742 Phy interface Condition cause : null
2023-10-17 15:17:09,230 [WARN] ConditionMgr:1039 - genDependencies : Invalid condition id : LAN8742 Phy interface Condition cause : null
2023-10-17 15:17:09,231 [WARN] ConditionMgr:1039 - genDependencies : Invalid condition id : LAN8742 Phy interface Condition cause : null
2023-10-17 15:17:09,238 [WARN] PackLoader:240 - Cannot read IP mode file for STMicroelectronics.X-CUBE-SFXS2LP1.4.0.0
2023-10-17 15:17:09,242 [WARN] PackLoader:240 - Cannot read IP mode file for STMicroelectronics.X-CUBE-ISPU.1.1.0
2023-10-17 15:17:09,249 [WARN] ConditionMgr:438 - getConditionDescription Invalid condition id : UX DEVICE CLASS RTOS Condition cause : null
2023-10-17 15:17:09,249 [WARN] ConditionMgr:438 - getConditionDescription Invalid condition id : UX DEVICE CLASS RTOS Condition cause : null
2023-10-17 15:17:09,250 [WARN] PackLoader:240 - Cannot read IP mode file for STMicroelectronics.X-CUBE-AZRTOS-WB.2.0.0
2023-10-17 15:17:09,250 [WARN] ConditionMgr:1039 - genDependencies : Invalid condition id : UX DEVICE CLASS RTOS Condition cause : null
2023-10-17 15:17:09,250 [WARN] ConditionMgr:1039 - genDependencies : Invalid condition id : UX DEVICE CLASS RTOS Condition cause : null
2023-10-17 15:17:09,250 [WARN] ConditionMgr:1039 - genDependencies : Invalid condition id : UX DEVICE CLASS RTOS Condition cause : null
2023-10-17 15:17:09,252 [WARN] ConditionMgr:1039 - genDependencies : Invalid condition id : UX DEVICE CLASS RTOS Condition cause : null
2023-10-17 15:17:09,252 [WARN] ConditionMgr:1039 - genDependencies : Invalid condition id : UX DEVICE CLASS RTOS Condition cause : null
2023-10-17 15:17:09,258 [WARN] PackLoader:240 - Cannot read IP mode file for STMicroelectronics.X-CUBE-SUBG2.5.0.0
2023-10-17 15:17:09,266 [WARN] PackLoader:240 - Cannot read IP mode file for STMicroelectronics.X-CUBE-TOF1.3.3.1
2023-10-17 15:17:09,288 [WARN] PackLoader:240 - Cannot read IP mode file for STMicroelectronics.X-CUBE-AZRTOS-G4.2.0.0
2023-10-17 15:17:09,304 [WARN] PackLoader:240 - Cannot read IP mode file for Infineon.AIROC-Wi-Fi-Bluetooth-STM32.1.5.1
2023-10-17 15:17:09,324 [WARN] PackLoader:240 - Cannot read IP mode file for STMicroelectronics.X-CUBE-FREERTOS.1.1.0
2023-10-17 15:17:09,332 [WARN] PackLoader:240 - Cannot read IP mode file for portGmbH.I-Cube-SoM-uGOAL.1.1.0
2023-10-17 15:17:09,340 [WARN] PackLoader:240 - Cannot read IP mode file for STMicroelectronics.X-CUBE-ALS.1.0.1
2023-10-17 15:17:09,355 [WARN] PackLoader:240 - Cannot read IP mode file for STMicroelectronics.FP-ATR-ASTRA1.2.0.0
2023-10-17 15:17:09,357 [INFO] ThirdParty:978 - Integrity check success = true
2023-10-17 15:17:09,358 [INFO] IntegrityCheckThread:100 - exiting critical section [integrity check]
2023-10-17 15:17:09,358 [INFO] IntegrityCheckThread:103 - End integrity checks thread
2023-10-17 15:17:28,099 [ERROR] LogOutputStream:75 - [STDERR_REDIRECT] SLF4J: Failed to load class "org.slf4j.impl.StaticLoggerBinder".
2023-10-17 15:17:28,099 [ERROR] LogOutputStream:75 - [STDERR_REDIRECT] SLF4J: Defaulting to no-operation (NOP) logger implementation
2023-10-17 15:17:28,100 [ERROR] LogOutputStream:75 - [STDERR_REDIRECT] SLF4J: See http://www.slf4j.org/codes.html#StaticLoggerBinder for further details.
